#======================================================
#
# Synopsys Synthesis Scripts (Design Vision dctcl mode)
#
#======================================================
#======================================================
# (A) Global Parameters
#======================================================
set DESIGN "LBP"
LBP
set CYCLE 4.0
4.0
set INPUT_DLY [expr 0.5*$CYCLE]
2.0
set OUTPUT_DLY [expr 0.5*$CYCLE]
2.0
#======================================================
# (B) Read RTL Code
#======================================================
# (B-1) analyze + elaborate
set hdlin_auto_save_templates TRUE
TRUE
analyze -f sverilog $DESIGN\.v 
Running PRESTO HDLC
Compiling source file ./LBP.v
Presto compilation completed successfully.
Loading db file '/RAID2/COURSE/BackUp/2023_Spring/iclab/iclabta01/umc018/Synthesis/slow.db'
Loading db file '/usr/cad/synopsys/synthesis/cur/libraries/syn/dw_foundation.sldb'
1
elaborate $DESIGN  
Loading db file '/usr/cad/synopsys/synthesis/2022.03/libraries/syn/gtech.db'
Loading db file '/usr/cad/synopsys/synthesis/2022.03/libraries/syn/standard.sldb'
  Loading link library 'slow'
  Loading link library 'gtech'
Running PRESTO HDLC
Warning:  ./LBP.v:47: signed to unsigned assignment occurs. (VER-318)
Warning:  ./LBP.v:48: signed to unsigned assignment occurs. (VER-318)
Warning:  ./LBP.v:111: signed to unsigned assignment occurs. (VER-318)

Statistics for case statements in always block at line 42 in file
        './LBP.v'
===============================================
|           Line           |  full/ parallel  |
===============================================
|            45            |    auto/auto     |
===============================================

Statistics for case statements in always block at line 80 in file
        './LBP.v'
===============================================
|           Line           |  full/ parallel  |
===============================================
|            81            |    auto/auto     |
===============================================

Inferred memory devices in process
        in routine LBP line 36 in file
                './LBP.v'.
===============================================================================
|    Register Name    |   Type    | Width | Bus | MB | AR | AS | SR | SS | ST |
===============================================================================
|        S_reg        | Flip-flop |   2   |  Y  | N  | Y  | N  | N  | N  | N  |
===============================================================================

Inferred memory devices in process
        in routine LBP line 56 in file
                './LBP.v'.
===============================================================================
|    Register Name    |   Type    | Width | Bus | MB | AR | AS | SR | SS | ST |
===============================================================================
|        j_reg        | Flip-flop |   7   |  Y  | N  | N  | N  | N  | N  | N  |
|        i_reg        | Flip-flop |   7   |  Y  | N  | N  | N  | N  | N  | N  |
===============================================================================

Inferred memory devices in process
        in routine LBP line 70 in file
                './LBP.v'.
===============================================================================
|    Register Name    |   Type    | Width | Bus | MB | AR | AS | SR | SS | ST |
===============================================================================
|  read_counter_reg   | Flip-flop |   4   |  Y  | N  | N  | N  | N  | N  | N  |
===============================================================================

Inferred memory devices in process
        in routine LBP line 100 in file
                './LBP.v'.
===============================================================================
|    Register Name    |   Type    | Width | Bus | MB | AR | AS | SR | SS | ST |
===============================================================================
|   center_data_reg   | Flip-flop |   8   |  Y  | N  | N  | N  | N  | N  | N  |
===============================================================================

Inferred memory devices in process
        in routine LBP line 109 in file
                './LBP.v'.
===============================================================================
|    Register Name    |   Type    | Width | Bus | MB | AR | AS | SR | SS | ST |
===============================================================================
|  greater_than_reg   | Flip-flop |   1   |  N  | N  | N  | N  | N  | N  | N  |
===============================================================================

Inferred memory devices in process
        in routine LBP line 121 in file
                './LBP.v'.
===============================================================================
|    Register Name    |   Type    | Width | Bus | MB | AR | AS | SR | SS | ST |
===============================================================================
|       sum_reg       | Flip-flop |   8   |  Y  | N  | N  | N  | N  | N  | N  |
===============================================================================

Inferred memory devices in process
        in routine LBP line 130 in file
                './LBP.v'.
===============================================================================
|    Register Name    |   Type    | Width | Bus | MB | AR | AS | SR | SS | ST |
===============================================================================
|    lbp_addr_reg     | Flip-flop |  14   |  Y  | N  | N  | N  | N  | N  | N  |
===============================================================================

Inferred memory devices in process
        in routine LBP line 139 in file
                './LBP.v'.
===============================================================================
|    Register Name    |   Type    | Width | Bus | MB | AR | AS | SR | SS | ST |
===============================================================================
|    lbp_valid_reg    | Flip-flop |   1   |  N  | N  | N  | N  | N  | N  | N  |
===============================================================================

Inferred memory devices in process
        in routine LBP line 148 in file
                './LBP.v'.
===============================================================================
|    Register Name    |   Type    | Width | Bus | MB | AR | AS | SR | SS | ST |
===============================================================================
|    lbp_data_reg     | Flip-flop |   8   |  Y  | N  | N  | N  | N  | N  | N  |
===============================================================================

Inferred memory devices in process
        in routine LBP line 156 in file
                './LBP.v'.
===============================================================================
|    Register Name    |   Type    | Width | Bus | MB | AR | AS | SR | SS | ST |
===============================================================================
|     finish_reg      | Flip-flop |   1   |  N  | N  | N  | N  | N  | N  | N  |
===============================================================================
Presto compilation completed successfully. (LBP)
Elaborated 1 design.
Current design is now 'LBP'.
1
# (B-2) read_sverilog
#read_sverilog $DESIGN\.v
# (B-3) set current design
current_design $DESIGN
Current design is 'LBP'.
{LBP}
link

  Linking design 'LBP'
  Using the following designs and libraries:
  --------------------------------------------------------------------------
  LBP                         /RAID2/COURSE/2025_Spring/DCS/DCS031/ic_contest_practice/2016_grad_P_cell/02_SYN/LBP.db
  slow (library)              /RAID2/COURSE/BackUp/2023_Spring/iclab/iclabta01/umc018/Synthesis/slow.db
  dw_foundation.sldb (library) /usr/cad/synopsys/synthesis/cur/libraries/syn/dw_foundation.sldb

1
#======================================================
#  (C) Global Setting
#======================================================
# set_operating_conditions -max_library slow -max slow
# set_wire_load_model -name tsmc13_wl10 -library slow     
#======================================================
#  (D) Set Design Constraints
#======================================================
# (D-1) Setting Clock Constraints
create_clock -name clk -period $CYCLE [get_ports clk] 
1
set_dont_touch_network             [get_clocks clk]
1
#set_fix_hold                       [get_clocks clk]
set_clock_uncertainty       0.1    [get_clocks clk]
1
set_clock_latency           0.5    [get_clocks clk] 
1
#set_input_transition        0.5    [all_inputs] 
#set_clock_transition        0.1    [all_clocks] 
# (D-2) Setting in/out Constraints
#set_input_delay   -max  $INPUT_DLY  -clock clk   [all_inputs] ;  # set_up time check 
#set_input_delay   -min  0           -clock clk   [all_inputs] ;  # hold   time check 
#set_output_delay  -max  $OUTPUT_DLY -clock clk   [all_outputs] ; # set_up time check 
#set_output_delay  -min  0           -clock clk   [all_outputs] ; # hold   time check 
#set_input_delay 0 -clock clk clk
#set_input_delay 0 -clock clk reset
#set_max_delay $CYCLE -from [all_inputs] -to [all_outputs]
set_input_delay  $INPUT_DLY -clock clk [remove_from_collection [all_inputs] [get_ports clk]]
1
set_output_delay 0.5        -clock clk [all_outputs] 
1
# (D-3) Setting Design Environment
set_load         1     [all_outputs]
1
set_drive        1     [all_inputs]
1
# (D-4) Setting DRC Constraint
set_max_fanout 20 [all_inputs]
1
# (D-5) Report Clock skew
report_clock -skew clk
Information: Checking out the license 'DesignWare'. (SEC-104)
Information: Updating design information... (UID-85)
 
****************************************
Report : clock_skew
Design : LBP
Version: T-2022.03
Date   : Thu Mar 20 11:24:31 2025
****************************************

                 Rise      Fall  Min Rise  Min fall        Uncertainty
Object          Delay     Delay     Delay     Delay     Plus      Minus
--------------------------------------------------------------------------------
clk              0.50      0.50      0.50      0.50      0.10      0.10
1
check_timing

Information: Checking generated_clocks...

Information: Checking loops...

Information: Checking no_input_delay...

Information: Checking unconstrained_endpoints...

Information: Checking pulse_clock_cell_type...

Information: Checking no_driving_cell...

Information: Checking partial_input_delay...
1
#======================================================
#  (E) Optimization
#======================================================
check_design > Report/$DESIGN\.check
set_fix_multiple_port_nets -all -buffer_constants [get_designs *]
1
set_fix_hold [all_clocks]
1
compile_ultra
Information: Performing power optimization. (PWR-850)
Analyzing: "/RAID2/COURSE/BackUp/2023_Spring/iclab/iclabta01/umc018/Synthesis/slow.db"
Library analysis succeeded.
Information: Running optimization using a maximum of 8 cores. (OPT-1500)
Information: Evaluating DesignWare library utilization. (UISN-27)

============================================================================
| DesignWare Building Block Library  |         Version         | Available |
============================================================================
| Basic DW Building Blocks           | S-2021.06-DWBB_202106.0 |     *     |
| Licensed DW Building Blocks        | S-2021.06-DWBB_202106.0 |     *     |
============================================================================

====================================================================================================
| Flow Information                                                                                 |
----------------------------------------------------------------------------------------------------
| Flow         | Design Compiler NXT WLM                                                           |
| Comand line  | compile_ultra                                                                     |
====================================================================================================
| Design Information                                      | Value                                  |
====================================================================================================
| Number of Scenarios                                     | 0                                      |
| Leaf Cell Count                                         | 294                                    |
| Number of User Hierarchies                              | 0                                      |
| Sequential Cell Count                                   | 61                                     |
| Macro Count                                             | 0                                      |
| Number of Power Domains                                 | 0                                      |
| Number of Path Groups                                   | 2                                      |
| Number of VT class                                      | 0                                      |
| Number of Clocks                                        | 1                                      |
| Number of Dont Touch cells                              | 88                                     |
| Number of Dont Touch nets                               | 1                                      |
| Number of size only cells                               | 0                                      |
| Design with UPF Data                                    | false                                  |
----------------------------------------------------------------------------------------------------
| Variables                                               | Value                                  |
----------------------------------------------------------------------------------------------------
| set_fix_multiple_port_nets                              | -all -buffer_constants                 |
====================================================================================================
Information: Sequential output inversion is enabled.  SVF file must be used for formal verification. (OPT-1208)

Information: There are 13 potential problems in your design. Please run 'check_design' for more information. (LINT-99)

  Simplifying Design 'LBP'

Loaded alib file './alib-52/slow.db.alib'
  Building model 'DW01_NAND2'
Information: Ungrouping 0 of 1 hierarchies before Pass 1 (OPT-775)
Information: State dependent leakage is now switched from on to off.

  Beginning Pass 1 Mapping
  ------------------------
  Processing 'LBP'
Information: Added key list 'DesignWare' to design 'LBP'. (DDB-72)
 Implement Synthetic for 'LBP'.

  Updating timing information
Information: Updating design information... (UID-85)
Information: The library cell 'HOLDX1' in the library 'slow' is not characterized for internal power. (PWR-536)
Information: The target library(s) contains cell(s), other than black boxes, that are not characterized for internal power. (PWR-24)

  Beginning Mapping Optimizations  (Ultra High effort)
  -------------------------------
  Mapping Optimization (Phase 1)

                                  TOTAL                                                            
   ELAPSED            WORST NEG   SETUP    DESIGN                              LEAKAGE   MIN DELAY 
    TIME      AREA      SLACK     COST    RULE COST         ENDPOINT            POWER      COST    
  --------- --------- --------- --------- --------- ------------------------- --------- -----------
    0:00:03   14789.2      0.00       0.0      25.8                           1972722.3750      0.00  
    0:00:03   14722.6      0.00       0.0      25.8                           1963711.3750      0.00  

  Beginning Constant Register Removal
  -----------------------------------
    0:00:03   14722.6      0.00       0.0      25.8                           1963711.3750      0.00  
    0:00:03   14722.6      0.00       0.0      25.8                           1963711.3750      0.00  

  Beginning Global Optimizations
  ------------------------------
  Numerical Synthesis (Phase 1)
  Numerical Synthesis (Phase 2)
  Global Optimization (Phase 1)
  Global Optimization (Phase 2)
  Global Optimization (Phase 3)
  Global Optimization (Phase 4)
  Global Optimization (Phase 5)
  Global Optimization (Phase 6)
  Global Optimization (Phase 7)
  Global Optimization (Phase 8)
  Global Optimization (Phase 9)
  Global Optimization (Phase 10)
  Global Optimization (Phase 11)
  Global Optimization (Phase 12)
  Global Optimization (Phase 13)
  Global Optimization (Phase 14)
  Global Optimization (Phase 15)
  Global Optimization (Phase 16)
  Global Optimization (Phase 17)
  Global Optimization (Phase 18)
  Global Optimization (Phase 19)
  Global Optimization (Phase 20)
  Global Optimization (Phase 21)
  Global Optimization (Phase 22)
  Global Optimization (Phase 23)
  Global Optimization (Phase 24)
  Global Optimization (Phase 25)
  Global Optimization (Phase 26)
  Global Optimization (Phase 27)
  Global Optimization (Phase 28)
  Global Optimization (Phase 29)
  Global Optimization (Phase 30)
  Global Optimization (Phase 31)

  Beginning Isolate Ports
  -----------------------

  Beginning Delay Optimization
  ----------------------------
    0:00:03    9407.1      0.18       0.7      25.8                           959620.5000      0.00  
    0:00:04    9450.3      0.00       0.0      25.8                           975296.1250      0.00  
    0:00:04    9450.3      0.00       0.0      25.8                           975296.1250      0.00  
    0:00:04    9443.6      0.00       0.0      25.8                           972287.3125      0.00  
    0:00:04    9430.3      0.00       0.0      25.8                           970000.2500      0.00  
    0:00:04    9430.3      0.00       0.0      25.8                           970000.2500      0.00  

  Beginning WLM Backend Optimization
  --------------------------------------
    0:00:04    9443.6      0.00       0.0      25.8                           966941.9375      0.00  
    0:00:04    9443.6      0.00       0.0      25.8                           966941.9375      0.00  
    0:00:04    9443.6      0.00       0.0      25.8                           966941.9375      0.00  
    0:00:04    9413.7      0.00       0.0      25.8                           955362.4375      0.00  
    0:00:04    9413.7      0.00       0.0      25.8                           955362.4375      0.00  
    0:00:04    9413.7      0.00       0.0      25.8                           955362.4375      0.00  
    0:00:04    9413.7      0.00       0.0      25.8                           955362.4375      0.00  
    0:00:04    9413.7      0.00       0.0      25.8                           955362.4375      0.00  
    0:00:04    9413.7      0.00       0.0      25.8                           955362.4375      0.00  
    0:00:04    9413.7      0.00       0.0      25.8                           955362.4375      0.00  
    0:00:04    9413.7      0.00       0.0      25.8                           955362.4375      0.00  
    0:00:04    9413.7      0.00       0.0      25.8                           955362.4375      0.00  
    0:00:04    9413.7      0.00       0.0      25.8                           955362.4375      0.00  
    0:00:04    9413.7      0.00       0.0      25.8                           955362.4375      0.00  
    0:00:04    9413.7      0.00       0.0      25.8                           955362.4375      0.00  
    0:00:04    9413.7      0.00       0.0      25.8                           955362.4375      0.00  
    0:00:04    9413.7      0.00       0.0      25.8                           955362.4375      0.00  
    0:00:04    9413.7      0.00       0.0      25.8                           955362.4375      0.00  
    0:00:04    9413.7      0.00       0.0      25.8                           955362.4375      0.00  
    0:00:04    9413.7      0.00       0.0      25.8                           955362.4375      0.00  
    0:00:04    9413.7      0.00       0.0      25.8                           955362.4375      0.00  
    0:00:04    9413.7      0.00       0.0      25.8                           955362.4375      0.00  


  Beginning Design Rule Fixing  (max_transition)
  ----------------------------

                                  TOTAL                                                            
   ELAPSED            WORST NEG   SETUP    DESIGN                              LEAKAGE   MIN DELAY 
    TIME      AREA      SLACK     COST    RULE COST         ENDPOINT            POWER      COST    
  --------- --------- --------- --------- --------- ------------------------- --------- -----------
    0:00:04    9413.7      0.00       0.0      25.8                           955362.4375      0.00  
  Global Optimization (Phase 32)
  Global Optimization (Phase 33)
  Global Optimization (Phase 34)
    0:00:04    9460.3      0.00       0.0       0.0                           944261.7500      0.00  
    0:00:04    9460.3      0.00       0.0       0.0                           944261.7500      0.00  


  Beginning Leakage Power Optimization  (max_leakage_power 0)
  ------------------------------------

                                  TOTAL                                                            
   ELAPSED            WORST NEG   SETUP    DESIGN                              LEAKAGE   MIN DELAY 
    TIME      AREA      SLACK     COST    RULE COST         ENDPOINT            POWER      COST    
  --------- --------- --------- --------- --------- ------------------------- --------- -----------
    0:00:04    9460.3      0.00       0.0       0.0                           944261.7500      0.00  
  Global Optimization (Phase 35)
  Global Optimization (Phase 36)
  Global Optimization (Phase 37)
  Global Optimization (Phase 38)
  Global Optimization (Phase 39)
  Global Optimization (Phase 40)
  Global Optimization (Phase 41)
  Global Optimization (Phase 42)
  Global Optimization (Phase 43)
  Global Optimization (Phase 44)
  Global Optimization (Phase 45)
  Global Optimization (Phase 46)
  Global Optimization (Phase 47)
    0:00:04    9353.8      0.00       0.0       0.0                           847269.9375      0.00  
    0:00:04    9353.8      0.00       0.0       0.0                           847269.9375      0.00  
    0:00:04    9353.8      0.00       0.0       0.0                           847269.9375      0.00  
    0:00:04    9353.8      0.00       0.0       0.0                           847269.9375      0.00  
    0:00:04    9353.8      0.00       0.0       0.0                           847269.9375      0.00  
    0:00:04    9353.8      0.00       0.0       0.0                           847269.9375      0.00  
    0:00:04    9353.8      0.00       0.0       0.0                           847269.9375      0.00  
    0:00:04    9353.8      0.00       0.0       0.0                           847269.9375      0.00  
    0:00:04    9353.8      0.00       0.0       0.0                           847269.9375      0.00  
    0:00:04    9353.8      0.00       0.0       0.0                           847269.9375      0.00  
    0:00:04    9353.8      0.00       0.0       0.0                           847269.9375      0.00  
    0:00:04    9353.8      0.00       0.0       0.0                           847269.9375      0.00  
    0:00:04    9353.8      0.00       0.0       0.0                           847269.9375      0.00  
    0:00:04    9353.8      0.00       0.0       0.0                           847269.9375      0.00  
    0:00:04    9353.8      0.00       0.0       0.0                           847269.9375      0.00  
    0:00:04    9353.8      0.00       0.0       0.0                           847269.9375      0.00  
    0:00:04    9353.8      0.00       0.0       0.0                           847269.9375      0.00  
    0:00:04    9353.8      0.00       0.0       0.0                           847269.9375      0.00  
    0:00:04    9353.8      0.00       0.0       0.0                           847269.9375      0.00  
    0:00:04    9353.8      0.00       0.0       0.0                           847269.9375      0.00  
    0:00:04    9353.8      0.00       0.0       0.0                           847269.9375      0.00  
    0:00:04    9353.8      0.00       0.0       0.0                           847269.9375      0.00  

                                  TOTAL                                                            
   ELAPSED            WORST NEG   SETUP    DESIGN                              LEAKAGE   MIN DELAY 
    TIME      AREA      SLACK     COST    RULE COST         ENDPOINT            POWER      COST    
  --------- --------- --------- --------- --------- ------------------------- --------- -----------
    0:00:04    9353.8      0.00       0.0       0.0                           847269.9375      0.00  
    0:00:05    9177.5      0.00       0.0       0.0                           847079.2500      0.00  
    0:00:05    9177.5      0.00       0.0       0.0                           847079.2500      0.00  
    0:00:05    9177.5      0.00       0.0       0.0                           847079.2500      0.00  
    0:00:05    9177.5      0.00       0.0       0.0                           847079.2500      0.00  
    0:00:05    9200.8      0.00       0.0       0.0                           842562.1250      0.00  
    0:00:05    9200.8      0.00       0.0       0.0                           842562.1250      0.00  
    0:00:05    9200.8      0.00       0.0       0.0                           842562.1250      0.00  
    0:00:05    9200.8      0.00       0.0       0.0                           842562.1250      0.00  
    0:00:05    9200.8      0.00       0.0       0.0                           842562.1250      0.00  
    0:00:05    9200.8      0.00       0.0       0.0                           842562.1250      0.00  
    0:00:05    9167.6      0.00       0.0       0.0                           834212.9375      0.00  
Loading db file '/RAID2/COURSE/BackUp/2023_Spring/iclab/iclabta01/umc018/Synthesis/slow.db'


Note: Symbol # after min delay cost means estimated hold TNS across all active scenarios 


  Optimization Complete
  ---------------------
Information: State dependent leakage is now switched from off to on.
Information: Propagating switching activity (low effort zero delay simulation). (PWR-6)
1
#uniquify
#compile
#======================================================
#  (F) Output Reports 
#======================================================
report_design  >  Report/$DESIGN\.design
report_resource >  Report/$DESIGN\.resource
report_timing -max_paths 3 >  Report/$DESIGN\.timing
report_area >  Report/$DESIGN\.area
report_power > Report/$DESIGN\.power
report_clock > Report/$DESIGN\.clock
report_port >  Report/$DESIGN\.port
report_power >  Report/$DESIGN\.power
#report_reference > Report/$DESIGN\.reference
#======================================================
#  (G) Change Naming Rule
#======================================================
set bus_inference_style "%s\[%d\]"
%s[%d]
set bus_naming_style "%s\[%d\]"
%s[%d]
set hdlout_internal_busses true
true
change_names -hierarchy -rule verilog
1
define_name_rules name_rule -allowed "a-z A-Z 0-9 _" -max_length 255 -type cell
1
define_name_rules name_rule -allowed "a-z A-Z 0-9 _[]" -max_length 255 -type net
1
define_name_rules name_rule -map {{"\\*cell\\*" "cell"}}
1
define_name_rules name_rule -case_insensitive
1
change_names -hierarchy -rules name_rule
1
#======================================================
#  (H) Output Results
#======================================================
set verilogout_higher_designs_first true
true
write -format verilog -output Netlist/$DESIGN\_SYN.v -hierarchy
Writing verilog file '/RAID2/COURSE/2025_Spring/DCS/DCS031/ic_contest_practice/2016_grad_P_cell/02_SYN/Netlist/LBP_SYN.v'.
1
write -format ddc     -hierarchy -output $DESIGN\_SYN.ddc
Writing ddc file 'LBP_SYN.ddc'.
1
write_sdf -version 3.0 -context verilog -load_delay cell Netlist/$DESIGN\_SYN.sdf -significant_digits 6
Information: Writing timing information to file '/RAID2/COURSE/2025_Spring/DCS/DCS031/ic_contest_practice/2016_grad_P_cell/02_SYN/Netlist/LBP_SYN.sdf'. (WT-3)
1
write_sdc Netlist/$DESIGN\_SYN.sdc
1
#======================================================
#  (I) Finish and Quit
#======================================================
report_area
 
****************************************
Report : area
Design : LBP
Version: T-2022.03
Date   : Thu Mar 20 11:25:31 2025
****************************************

Library(s) Used:

    slow (File: /RAID2/COURSE/BackUp/2023_Spring/iclab/iclabta01/umc018/Synthesis/slow.db)

Number of ports:                           50
Number of nets:                           422
Number of cells:                          399
Number of combinational cells:            338
Number of sequential cells:                61
Number of macros/black boxes:               0
Number of buf/inv:                         80
Number of references:                      56

Combinational area:               5262.364888
Buf/Inv area:                      881.496024
Noncombinational area:            3905.193672
Macro/Black Box area:                0.000000
Net Interconnect area:      undefined  (No wire load specified)

Total cell area:                  9167.558560
Total area:                 undefined
1
report_timing 
 
****************************************
Report : timing
        -path full
        -delay max
        -max_paths 1
Design : LBP
Version: T-2022.03
Date   : Thu Mar 20 11:25:31 2025
****************************************

Operating Conditions: slow   Library: slow
Wire Load Model Mode: top

  Startpoint: reset (input port clocked by clk)
  Endpoint: j_reg_5_ (rising edge-triggered flip-flop clocked by clk)
  Path Group: clk
  Path Type: max

  Point                                    Incr       Path
  -----------------------------------------------------------
  clock clk (rise edge)                    0.00       0.00
  clock network delay (ideal)              0.50       0.50
  input external delay                     2.00       2.50 f
  reset (in)                               0.02       2.52 f
  U371/Y (NOR2X2)                          0.10       2.61 r
  U227/Y (INVX1)                           0.08       2.69 f
  U324/Y (NOR2X1)                          0.16       2.86 r
  U468/Y (INVX2)                           0.10       2.96 f
  U207/Y (NOR2X1)                          0.12       3.08 r
  U510/CO (ADDHXL)                         0.31       3.39 r
  U476/Y (AND2X2)                          0.25       3.63 r
  U273/Y (MXI2X1)                          0.18       3.81 f
  U450/Y (NAND2BXL)                        0.19       4.00 f
  j_reg_5_/D (DFFHQX1)                     0.00       4.00 f
  data arrival time                                   4.00

  clock clk (rise edge)                    4.00       4.00
  clock network delay (ideal)              0.50       4.50
  clock uncertainty                       -0.10       4.40
  j_reg_5_/CK (DFFHQX1)                    0.00       4.40 r
  library setup time                      -0.40       4.00
  data required time                                  4.00
  -----------------------------------------------------------
  data required time                                  4.00
  data arrival time                                  -4.00
  -----------------------------------------------------------
  slack (MET)                                         0.00


1
exit
Memory usage for this session 264 Mbytes.
Memory usage for this session including child processes 435 Mbytes.
CPU usage for this session 62 seconds ( 0.02 hours ).
Elapsed time for this session 65 seconds ( 0.02 hours ).

Thank you...

