#======================================================
#
# Synopsys Synthesis Scripts (Design Vision dctcl mode)
#
#======================================================
#======================================================
# (A) Global Parameters
#======================================================
set DESIGN "geofence"
geofence
set CYCLE 30.0
30.0
#======================================================
# (B) Read RTL Code
#======================================================
# (B-1) analyze + elaborate
set hdlin_auto_save_templates TRUE
TRUE
analyze -f sverilog $DESIGN\.v 
Running PRESTO HDLC
Compiling source file ./geofence.v
Presto compilation completed successfully.
Loading db file '/RAID2/COURSE/BackUp/2023_Spring/iclab/iclabta01/umc018/Synthesis/slow.db'
Loading db file '/usr/cad/synopsys/synthesis/cur/libraries/syn/dw_foundation.sldb'
1
elaborate $DESIGN  
Loading db file '/usr/cad/synopsys/synthesis/2022.03/libraries/syn/gtech.db'
Loading db file '/usr/cad/synopsys/synthesis/2022.03/libraries/syn/standard.sldb'
  Loading link library 'slow'
  Loading link library 'gtech'
Running PRESTO HDLC
Warning:  ./geofence.v:34: signed to unsigned assignment occurs. (VER-318)
Warning:  ./geofence.v:35: signed to unsigned assignment occurs. (VER-318)
Warning:  ./geofence.v:88: unsigned to signed assignment occurs. (VER-318)
Warning:  ./geofence.v:89: unsigned to signed assignment occurs. (VER-318)
Warning:  ./geofence.v:90: unsigned to signed assignment occurs. (VER-318)
Warning:  ./geofence.v:91: unsigned to signed assignment occurs. (VER-318)
Warning:  ./geofence.v:92: unsigned to signed assignment occurs. (VER-318)
Warning:  ./geofence.v:93: unsigned to signed assignment occurs. (VER-318)
Warning:  ./geofence.v:94: unsigned to signed assignment occurs. (VER-318)
Warning:  ./geofence.v:95: unsigned to signed assignment occurs. (VER-318)
Warning:  ./geofence.v:96: unsigned to signed assignment occurs. (VER-318)
Warning:  ./geofence.v:97: unsigned to signed assignment occurs. (VER-318)
Warning:  ./geofence.v:100: unsigned to signed assignment occurs. (VER-318)
Warning:  ./geofence.v:101: unsigned to signed assignment occurs. (VER-318)
Warning:  ./geofence.v:102: unsigned to signed assignment occurs. (VER-318)
Warning:  ./geofence.v:103: unsigned to signed assignment occurs. (VER-318)
Warning:  ./geofence.v:104: unsigned to signed assignment occurs. (VER-318)
Warning:  ./geofence.v:105: unsigned to signed assignment occurs. (VER-318)
Warning:  ./geofence.v:106: unsigned to signed assignment occurs. (VER-318)
Warning:  ./geofence.v:107: unsigned to signed assignment occurs. (VER-318)
Warning:  ./geofence.v:108: unsigned to signed assignment occurs. (VER-318)
Warning:  ./geofence.v:109: unsigned to signed assignment occurs. (VER-318)
Warning:  ./geofence.v:110: unsigned to signed assignment occurs. (VER-318)
Warning:  ./geofence.v:111: unsigned to signed assignment occurs. (VER-318)
Warning:  ./geofence.v:113: unsigned to signed assignment occurs. (VER-318)
Warning:  ./geofence.v:114: unsigned to signed assignment occurs. (VER-318)
Warning:  ./geofence.v:115: unsigned to signed assignment occurs. (VER-318)
Warning:  ./geofence.v:116: unsigned to signed assignment occurs. (VER-318)
Warning:  ./geofence.v:117: unsigned to signed assignment occurs. (VER-318)
Warning:  ./geofence.v:118: unsigned to signed assignment occurs. (VER-318)
Warning:  ./geofence.v:119: unsigned to signed assignment occurs. (VER-318)
Warning:  ./geofence.v:120: unsigned to signed assignment occurs. (VER-318)
Warning:  ./geofence.v:121: unsigned to signed assignment occurs. (VER-318)
Warning:  ./geofence.v:122: unsigned to signed assignment occurs. (VER-318)
Warning:  ./geofence.v:123: unsigned to signed assignment occurs. (VER-318)
Warning:  ./geofence.v:124: unsigned to signed assignment occurs. (VER-318)

Statistics for case statements in always block at line 32 in file
        './geofence.v'
===============================================
|           Line           |  full/ parallel  |
===============================================
|            33            |    auto/auto     |
===============================================

Inferred memory devices in process
        in routine geofence line 27 in file
                './geofence.v'.
===============================================================================
|    Register Name    |   Type    | Width | Bus | MB | AR | AS | SR | SS | ST |
===============================================================================
|        S_reg        | Flip-flop |   2   |  Y  | N  | N  | N  | N  | N  | N  |
===============================================================================

Inferred memory devices in process
        in routine geofence line 41 in file
                './geofence.v'.
===============================================================================
|    Register Name    |   Type    | Width | Bus | MB | AR | AS | SR | SS | ST |
===============================================================================
|    input_cnt_reg    | Flip-flop |   3   |  Y  | N  | N  | N  | N  | N  | N  |
===============================================================================

Inferred memory devices in process
        in routine geofence line 48 in file
                './geofence.v'.
===============================================================================
|    Register Name    |   Type    | Width | Bus | MB | AR | AS | SR | SS | ST |
===============================================================================
|       VX_reg        | Flip-flop |  66   |  Y  | N  | N  | N  | N  | N  | N  |
|       VY_reg        | Flip-flop |  66   |  Y  | N  | N  | N  | N  | N  | N  |
===============================================================================

Inferred memory devices in process
        in routine geofence line 73 in file
                './geofence.v'.
===============================================================================
|    Register Name    |   Type    | Width | Bus | MB | AR | AS | SR | SS | ST |
===============================================================================
|     targetY_reg     | Flip-flop |  11   |  Y  | N  | N  | N  | N  | N  | N  |
|     targetX_reg     | Flip-flop |  11   |  Y  | N  | N  | N  | N  | N  | N  |
===============================================================================

Inferred memory devices in process
        in routine geofence line 138 in file
                './geofence.v'.
===============================================================================
|    Register Name    |   Type    | Width | Bus | MB | AR | AS | SR | SS | ST |
===============================================================================
|       jdx_reg       | Flip-flop |   3   |  Y  | N  | N  | N  | N  | N  | N  |
|       idx_reg       | Flip-flop |   3   |  Y  | N  | N  | N  | N  | N  | N  |
===============================================================================
Presto compilation completed successfully. (geofence)
Elaborated 1 design.
Current design is now 'geofence'.
1
# (B-2) read_sverilog
#read_sverilog $DESIGN\.v
# (B-3) set current design
current_design $DESIGN
Current design is 'geofence'.
{geofence}
link

  Linking design 'geofence'
  Using the following designs and libraries:
  --------------------------------------------------------------------------
  geofence                    /RAID2/COURSE/2025_Spring/DCS/DCS031/ic_contest_practice/2021_univ_P_geofence/02_SYN/geofence.db
  slow (library)              /RAID2/COURSE/BackUp/2023_Spring/iclab/iclabta01/umc018/Synthesis/slow.db
  dw_foundation.sldb (library) /usr/cad/synopsys/synthesis/cur/libraries/syn/dw_foundation.sldb

1
#======================================================
#  (C) Global Setting
#======================================================
# set_operating_conditions -max_library slow -max slow
# set_wire_load_model -name tsmc13_wl10 -library slow     
#======================================================
#  (D) Set Design Constraints
#======================================================
# (D-1) Setting Clock Constraints
create_clock -name clk -period $CYCLE [get_ports clk] 
1
set_dont_touch_network             [get_clocks clk]
1
set_fix_hold                       [get_clocks clk]
1
set_clock_uncertainty       0.1    [get_clocks clk]
1
set_clock_latency           0.5    [get_clocks clk] 
1
set_ideal_network                  [get_ports clk]
1
# (D-2) Setting in/out Constraints
set_input_delay  0   -clock clk [remove_from_collection [all_inputs] [get_ports clk]] -clock_fall
1
set_output_delay 0    -clock clk [all_outputs]  -clock_fall
1
# (D-3) Setting Design Environment
set_load         1   [all_outputs]
1
set_drive        0.1   [all_inputs]
1
# (D-4) Setting DRC Constraint
set_max_fanout 20 [all_inputs]
1
# (D-5) Report Clock skew
report_clock -skew clk
Information: Checking out the license 'DesignWare'. (SEC-104)
Information: Updating design information... (UID-85)
Warning: Design 'geofence' contains 1 high-fanout nets. A fanout number of 1000 will be used for delay calculations involving these nets. (TIM-134)
 
****************************************
Report : clock_skew
Design : geofence
Version: T-2022.03
Date   : Thu Mar 20 11:11:06 2025
****************************************

                 Rise      Fall  Min Rise  Min fall        Uncertainty
Object          Delay     Delay     Delay     Delay     Plus      Minus
--------------------------------------------------------------------------------
clk              0.50      0.50      0.50      0.50      0.10      0.10
1
check_timing

Information: Checking generated_clocks...

Information: Checking loops...

Information: Checking no_input_delay...

Information: Checking unconstrained_endpoints...

Information: Checking pulse_clock_cell_type...

Information: Checking no_driving_cell...

Information: Checking partial_input_delay...
1
#======================================================
#  (E) Optimization
#======================================================
check_design > Report/$DESIGN\.check
set_fix_multiple_port_nets -all -buffer_constants [get_designs *]
1
set_fix_hold [all_clocks]
1
compile_ultra
Information: Performing power optimization. (PWR-850)
Alib files are up-to-date.
Information: Running optimization using a maximum of 4 cores. (OPT-1500)
Information: Evaluating DesignWare library utilization. (UISN-27)

============================================================================
| DesignWare Building Block Library  |         Version         | Available |
============================================================================
| Basic DW Building Blocks           | S-2021.06-DWBB_202106.0 |     *     |
| Licensed DW Building Blocks        | S-2021.06-DWBB_202106.0 |     *     |
============================================================================

====================================================================================================
| Flow Information                                                                                 |
----------------------------------------------------------------------------------------------------
| Flow         | Design Compiler NXT WLM                                                           |
| Comand line  | compile_ultra                                                                     |
====================================================================================================
| Design Information                                      | Value                                  |
====================================================================================================
| Number of Scenarios                                     | 0                                      |
| Leaf Cell Count                                         | 751                                    |
| Number of User Hierarchies                              | 0                                      |
| Sequential Cell Count                                   | 165                                    |
| Macro Count                                             | 0                                      |
| Number of Power Domains                                 | 0                                      |
| Number of Path Groups                                   | 2                                      |
| Number of VT class                                      | 0                                      |
| Number of Clocks                                        | 1                                      |
| Number of Dont Touch cells                              | 107                                    |
| Number of Dont Touch nets                               | 1                                      |
| Number of size only cells                               | 0                                      |
| Design with UPF Data                                    | false                                  |
----------------------------------------------------------------------------------------------------
| Variables                                               | Value                                  |
----------------------------------------------------------------------------------------------------
| set_fix_multiple_port_nets                              | -all -buffer_constants                 |
====================================================================================================
Information: Sequential output inversion is enabled.  SVF file must be used for formal verification. (OPT-1208)

Information: There are 172 potential problems in your design. Please run 'check_design' for more information. (LINT-99)

  Simplifying Design 'geofence'

Loaded alib file './alib-52/slow.db.alib'
  Building model 'DW01_NAND2'
Information: Ungrouping 0 of 1 hierarchies before Pass 1 (OPT-775)
Information: State dependent leakage is now switched from on to off.

  Beginning Pass 1 Mapping
  ------------------------
  Processing 'geofence'
Information: Added key list 'DesignWare' to design 'geofence'. (DDB-72)
Information: The register 'targetX_reg[10]' is a constant and will be removed. (OPT-1206)
Information: The register 'targetY_reg[10]' is a constant and will be removed. (OPT-1206)
 Implement Synthetic for 'geofence'.

  Updating timing information
Information: Updating design information... (UID-85)
Information: The library cell 'HOLDX1' in the library 'slow' is not characterized for internal power. (PWR-536)
Information: The target library(s) contains cell(s), other than black boxes, that are not characterized for internal power. (PWR-24)
Information: The register 'VY_reg[5][10]' is a constant and will be removed. (OPT-1206)
Information: The register 'VY_reg[4][10]' is a constant and will be removed. (OPT-1206)
Information: The register 'VY_reg[0][10]' is a constant and will be removed. (OPT-1206)
Information: The register 'VY_reg[1][10]' is a constant and will be removed. (OPT-1206)
Information: The register 'VY_reg[2][10]' is a constant and will be removed. (OPT-1206)
Information: The register 'VY_reg[3][10]' is a constant and will be removed. (OPT-1206)
Information: The register 'VX_reg[5][10]' is a constant and will be removed. (OPT-1206)
Information: The register 'VX_reg[4][10]' is a constant and will be removed. (OPT-1206)
Information: The register 'VX_reg[0][10]' is a constant and will be removed. (OPT-1206)
Information: The register 'VX_reg[1][10]' is a constant and will be removed. (OPT-1206)
Information: The register 'VX_reg[2][10]' is a constant and will be removed. (OPT-1206)
Information: The register 'VX_reg[3][10]' is a constant and will be removed. (OPT-1206)

  Beginning Mapping Optimizations  (Ultra High effort)
  -------------------------------

                                  TOTAL                                                            
   ELAPSED            WORST NEG   SETUP    DESIGN                              LEAKAGE   MIN DELAY 
    TIME      AREA      SLACK     COST    RULE COST         ENDPOINT            POWER      COST    
  --------- --------- --------- --------- --------- ------------------------- --------- -----------
    0:00:07  173751.2      0.00       0.0     710.3                           20340164.0000      0.00  
    0:00:07  170840.6      0.00       0.0     710.3                           20139622.0000      0.00  

  Beginning Constant Register Removal
  -----------------------------------
    0:00:07  171146.6      0.00       0.0     710.3                           20218308.0000      0.00  
    0:00:07  171146.6      0.00       0.0     710.3                           20218308.0000      0.00  

  Beginning Global Optimizations
  ------------------------------
  Numerical Synthesis (Phase 1)
  Numerical Synthesis (Phase 2)
  Global Optimization (Phase 1)
  Global Optimization (Phase 2)
  Global Optimization (Phase 3)
  Global Optimization (Phase 4)
  Global Optimization (Phase 5)
  Global Optimization (Phase 6)
  Global Optimization (Phase 7)
  Global Optimization (Phase 8)
  Global Optimization (Phase 9)
  Global Optimization (Phase 10)
  Global Optimization (Phase 11)
  Global Optimization (Phase 12)
  Global Optimization (Phase 13)
  Global Optimization (Phase 14)
  Global Optimization (Phase 15)
  Global Optimization (Phase 16)
  Global Optimization (Phase 17)
  Global Optimization (Phase 18)
  Global Optimization (Phase 19)
  Global Optimization (Phase 20)
  Global Optimization (Phase 21)
  Global Optimization (Phase 22)
  Global Optimization (Phase 23)
  Global Optimization (Phase 24)
  Global Optimization (Phase 25)
  Global Optimization (Phase 26)
  Global Optimization (Phase 27)
  Global Optimization (Phase 28)
  Global Optimization (Phase 29)
  Global Optimization (Phase 30)
  Global Optimization (Phase 31)
  Mapping 'geofence_DP_OP_489J1_123_3401_0'
  Mapping 'geofence_DP_OP_490J1_124_3401_0'

  Beginning Isolate Ports
  -----------------------

  Beginning Delay Optimization
  ----------------------------
    0:00:10  186128.7      1.44       1.4     200.0                           23919590.0000      0.00  
    0:00:10  186378.2      0.00       0.0     185.9                           23967258.0000      0.00  
    0:00:10  186378.2      0.00       0.0     185.9                           23967258.0000      0.00  
    0:00:10  184987.8      0.00       0.0     158.6                           23504436.0000      0.00  
    0:00:11  184149.5      0.00       0.0     158.6                           23355696.0000      0.00  
    0:00:11  184149.5      0.00       0.0     158.6                           23355696.0000      0.00  

  Beginning WLM Backend Optimization
  --------------------------------------
    0:00:12  180071.3      0.00       0.0      97.5                           22679168.0000      0.00  
    0:00:12  180071.3      0.00       0.0      97.5                           22679168.0000      0.00  
    0:00:12  180071.3      0.00       0.0      97.5                           22679168.0000      0.00  
    0:00:13  164284.2      0.00       0.0      18.1                           18141506.0000      0.00  
    0:00:13  164284.2      0.00       0.0      18.1                           18141506.0000      0.00  
    0:00:13  164284.2      0.00       0.0      18.1                           18141506.0000      0.00  
    0:00:13  164284.2      0.00       0.0      18.1                           18141506.0000      0.00  
    0:00:13  164284.2      0.00       0.0      18.1                           18141506.0000      0.00  
    0:00:13  164284.2      0.00       0.0      18.1                           18141506.0000      0.00  
    0:00:13  164284.2      0.00       0.0      18.1                           18141506.0000      0.00  
    0:00:13  164284.2      0.00       0.0      18.1                           18141506.0000      0.00  
    0:00:13  164284.2      0.00       0.0      18.1                           18141506.0000      0.00  
    0:00:13  164284.2      0.00       0.0      18.1                           18141506.0000      0.00  
    0:00:13  164284.2      0.00       0.0      18.1                           18141506.0000      0.00  
    0:00:13  164284.2      0.00       0.0      18.1                           18141506.0000      0.00  
    0:00:13  164284.2      0.00       0.0      18.1                           18141506.0000      0.00  
    0:00:13  164284.2      0.00       0.0      18.1                           18141506.0000      0.00  
    0:00:13  164284.2      0.00       0.0      18.1                           18141506.0000      0.00  
    0:00:13  164284.2      0.00       0.0      18.1                           18141506.0000      0.00  
    0:00:13  164284.2      0.00       0.0      18.1                           18141506.0000      0.00  
    0:00:13  164284.2      0.00       0.0      18.1                           18141506.0000      0.00  
    0:00:13  164284.2      0.00       0.0      18.1                           18141506.0000      0.00  


  Beginning Design Rule Fixing  (max_transition)
  ----------------------------

                                  TOTAL                                                            
   ELAPSED            WORST NEG   SETUP    DESIGN                              LEAKAGE   MIN DELAY 
    TIME      AREA      SLACK     COST    RULE COST         ENDPOINT            POWER      COST    
  --------- --------- --------- --------- --------- ------------------------- --------- -----------
    0:00:13  164284.2      0.00       0.0      18.1                           18141506.0000      0.00  
  Global Optimization (Phase 32)
  Global Optimization (Phase 33)
  Global Optimization (Phase 34)
    0:00:13  164297.6      0.00       0.0       0.0                           18141538.0000      0.00  
    0:00:13  164297.6      0.00       0.0       0.0                           18141538.0000      0.00  


  Beginning Leakage Power Optimization  (max_leakage_power 0)
  ------------------------------------

                                  TOTAL                                                            
   ELAPSED            WORST NEG   SETUP    DESIGN                              LEAKAGE   MIN DELAY 
    TIME      AREA      SLACK     COST    RULE COST         ENDPOINT            POWER      COST    
  --------- --------- --------- --------- --------- ------------------------- --------- -----------
    0:00:13  164297.6      0.00       0.0       0.0                           18141538.0000      0.00  
  Global Optimization (Phase 35)
  Global Optimization (Phase 36)
  Global Optimization (Phase 37)
  Global Optimization (Phase 38)
  Global Optimization (Phase 39)
  Global Optimization (Phase 40)
  Global Optimization (Phase 41)
  Global Optimization (Phase 42)
  Global Optimization (Phase 43)
  Global Optimization (Phase 44)
  Global Optimization (Phase 45)
  Global Optimization (Phase 46)
  Global Optimization (Phase 47)
  Global Optimization (Phase 48)
    0:00:14  157701.3      0.00       0.0       0.0                           15300591.0000      0.00  
    0:00:14  157701.3      0.00       0.0       0.0                           15300591.0000      0.00  
    0:00:14  157701.3      0.00       0.0       0.0                           15300591.0000      0.00  
    0:00:15  157248.9      0.00       0.0       0.0                           15329075.0000      0.00  
    0:00:15  157248.9      0.00       0.0       0.0                           15329075.0000      0.00  
    0:00:15  157248.9      0.00       0.0       0.0                           15329075.0000      0.00  
    0:00:15  157248.9      0.00       0.0       0.0                           15329075.0000      0.00  
    0:00:15  157248.9      0.00       0.0       0.0                           15329075.0000      0.00  
    0:00:15  157248.9      0.00       0.0       0.0                           15329075.0000      0.00  
    0:00:15  157248.9      0.00       0.0       0.0                           15329075.0000      0.00  
    0:00:15  157248.9      0.00       0.0       0.0                           15329075.0000      0.00  
    0:00:15  157248.9      0.00       0.0       0.0                           15329075.0000      0.00  
    0:00:15  157248.9      0.00       0.0       0.0                           15329075.0000      0.00  
    0:00:15  157248.9      0.00       0.0       0.0                           15329075.0000      0.00  
    0:00:15  157248.9      0.00       0.0       0.0                           15329075.0000      0.00  
    0:00:15  157248.9      0.00       0.0       0.0                           15329075.0000      0.00  
    0:00:15  157248.9      0.00       0.0       0.0                           15329075.0000      0.00  
    0:00:15  157248.9      0.00       0.0       0.0                           15329075.0000      0.00  
    0:00:15  157248.9      0.00       0.0       0.0                           15329075.0000      0.00  
    0:00:15  157248.9      0.00       0.0       0.0                           15329075.0000      0.00  
    0:00:15  157248.9      0.00       0.0       0.0                           15329075.0000      0.00  
    0:00:15  157248.9      0.00       0.0       0.0                           15329075.0000      0.00  

                                  TOTAL                                                            
   ELAPSED            WORST NEG   SETUP    DESIGN                              LEAKAGE   MIN DELAY 
    TIME      AREA      SLACK     COST    RULE COST         ENDPOINT            POWER      COST    
  --------- --------- --------- --------- --------- ------------------------- --------- -----------
    0:00:15  157248.9      0.00       0.0       0.0                           15329075.0000      0.00  
    0:00:15  156111.3      0.00       0.0       0.0                           15280209.0000      0.00  
    0:00:15  156111.3      0.00       0.0       0.0                           15280209.0000      0.00  
    0:00:15  156111.3      0.00       0.0       0.0                           15280209.0000      0.00  
    0:00:16  156161.2      0.00       0.0       0.0                           15280027.0000      0.00  
    0:00:16  156613.6      0.00       0.0       0.0                           15210957.0000      0.00  
    0:00:16  156613.6      0.00       0.0       0.0                           15210957.0000      0.00  
    0:00:16  156613.6      0.00       0.0       0.0                           15210957.0000      0.00  
    0:00:16  156613.6      0.00       0.0       0.0                           15210957.0000      0.00  
    0:00:16  156613.6      0.00       0.0       0.0                           15210957.0000      0.00  
    0:00:16  156613.6      0.00       0.0       0.0                           15210957.0000      0.00  
    0:00:16  156567.0      0.00       0.0       0.0                           15200396.0000      0.00  
Loading db file '/RAID2/COURSE/BackUp/2023_Spring/iclab/iclabta01/umc018/Synthesis/slow.db'


Note: Symbol # after min delay cost means estimated hold TNS across all active scenarios 


  Optimization Complete
  ---------------------
Information: State dependent leakage is now switched from off to on.
Information: Propagating switching activity (low effort zero delay simulation). (PWR-6)
1
#uniquify
#compile
#======================================================
#  (F) Output Reports 
#======================================================
report_design  >  Report/$DESIGN\.design
report_resource >  Report/$DESIGN\.resource
report_timing -max_paths 3 >  Report/$DESIGN\.timing
report_area >  Report/$DESIGN\.area
report_power > Report/$DESIGN\.power
report_clock > Report/$DESIGN\.clock
report_port >  Report/$DESIGN\.port
report_power >  Report/$DESIGN\.power
#report_reference > Report/$DESIGN\.reference
#======================================================
#  (G) Change Naming Rule
#======================================================
set bus_inference_style "%s\[%d\]"
%s[%d]
set bus_naming_style "%s\[%d\]"
%s[%d]
set hdlout_internal_busses true
true
change_names -hierarchy -rule verilog
1
define_name_rules name_rule -allowed "a-z A-Z 0-9 _" -max_length 255 -type cell
1
define_name_rules name_rule -allowed "a-z A-Z 0-9 _[]" -max_length 255 -type net
1
define_name_rules name_rule -map {{"\\*cell\\*" "cell"}}
1
define_name_rules name_rule -case_insensitive
1
change_names -hierarchy -rules name_rule
1
#======================================================
#  (H) Output Results
#======================================================
set verilogout_higher_designs_first true
true
write -format verilog -output Netlist/$DESIGN\_SYN.v -hierarchy
Writing verilog file '/RAID2/COURSE/2025_Spring/DCS/DCS031/ic_contest_practice/2021_univ_P_geofence/02_SYN/Netlist/geofence_SYN.v'.
1
write -format ddc     -hierarchy -output $DESIGN\_SYN.ddc
Writing ddc file 'geofence_SYN.ddc'.
1
write_sdf -version 3.0 -context verilog -load_delay cell Netlist/$DESIGN\_SYN.sdf -significant_digits 6
Information: Writing timing information to file '/RAID2/COURSE/2025_Spring/DCS/DCS031/ic_contest_practice/2021_univ_P_geofence/02_SYN/Netlist/geofence_SYN.sdf'. (WT-3)
1
write_sdc Netlist/$DESIGN\_SYN.sdc
1
#======================================================
#  (I) Finish and Quit
#======================================================
report_area
 
****************************************
Report : area
Design : geofence
Version: T-2022.03
Date   : Thu Mar 20 11:11:25 2025
****************************************

Library(s) Used:

    slow (File: /RAID2/COURSE/BackUp/2023_Spring/iclab/iclabta01/umc018/Synthesis/slow.db)

Number of ports:                           24
Number of nets:                          6287
Number of cells:                         5038
Number of combinational cells:           4887
Number of sequential cells:               151
Number of macros/black boxes:               0
Number of buf/inv:                        479
Number of references:                      57

Combinational area:             147525.843546
Buf/Inv area:                     4839.912172
Noncombinational area:            9041.154953
Macro/Black Box area:                0.000000
Net Interconnect area:      undefined  (No wire load specified)

Total cell area:                156566.998499
Total area:                 undefined
1
report_timing 
 
****************************************
Report : timing
        -path full
        -delay max
        -max_paths 1
Design : geofence
Version: T-2022.03
Date   : Thu Mar 20 11:11:25 2025
****************************************

Operating Conditions: slow   Library: slow
Wire Load Model Mode: top

  Startpoint: VX_reg_0__1_
              (rising edge-triggered flip-flop clocked by clk)
  Endpoint: is_inside (output port clocked by clk)
  Path Group: clk
  Path Type: max

  Point                                                   Incr       Path
  --------------------------------------------------------------------------
  clock clk (rise edge)                                   0.00       0.00
  clock network delay (ideal)                             0.50       0.50
  VX_reg_0__1_/CK (DFFX1)                                 0.00       0.50 r
  VX_reg_0__1_/Q (DFFX1)                                  0.39       0.89 f
  U2088/CO (ADDFXL)                                       1.31       2.21 f
  U1703/CO (ADDFXL)                                       0.47       2.67 f
  U1759/S (ADDFXL)                                        0.95       3.62 r
  U1758/Y (INVXL)                                         0.50       4.12 f
  U1290/Y (AOI33XL)                                       1.01       5.12 r
  U3776/Y (OAI22XL)                                       0.18       5.30 f
  U3795/CO (ADDHXL)                                       0.25       5.56 f
  U2947/CO (ADDFXL)                                       1.27       6.82 f
  U2080/S (ADDFXL)                                        0.55       7.37 r
  DP_OP_488J1_122_7141_U86/CO (CMPR42X1)                  0.99       8.36 f
  DP_OP_488J1_122_7141_U80/S (CMPR42X1)                   0.87       9.23 f
  U2327/Y (AOI222XL)                                      0.47       9.70 r
  U1158/Y (OAI2BB2XL)                                     0.19       9.89 f
  U3159/Y (AOI222X1)                                      0.44      10.33 r
  U3160/Y (OAI2BB2X1)                                     0.14      10.46 f
  U3161/Y (AOI222XL)                                      0.51      10.97 r
  U2716/Y (OAI2BB2XL)                                     0.17      11.14 f
  U3162/Y (AOI222XL)                                      0.52      11.66 r
  U2826/Y (OAI2BB2XL)                                     0.17      11.83 f
  U2825/Y (AOI222XL)                                      0.52      12.35 r
  U2824/Y (OAI2BB2XL)                                     0.17      12.52 f
  U3163/Y (AOI222XL)                                      0.54      13.06 r
  U3165/Y (OAI2BB2X1)                                     0.14      13.20 f
  U3166/Y (AOI222XL)                                      0.54      13.74 r
  U3169/Y (OAI2BB2X1)                                     0.14      13.89 f
  U3170/Y (AOI222XL)                                      0.51      14.40 r
  U2927/Y (NAND4XL)                                       0.16      14.56 f
  U1421/Y (OR2X2)                                         0.26      14.82 f
  U1420/Y (INVX20)                                        0.55      15.37 r
  is_inside (out)                                         0.00      15.37 r
  data arrival time                                                 15.37

  clock clk (fall edge)                                  15.00      15.00
  clock network delay (ideal)                             0.50      15.50
  clock uncertainty                                      -0.10      15.40
  output external delay                                   0.00      15.40
  data required time                                                15.40
  --------------------------------------------------------------------------
  data required time                                                15.40
  data arrival time                                                -15.37
  --------------------------------------------------------------------------
  slack (MET)                                                        0.03


1
exit
Memory usage for this session 240 Mbytes.
Memory usage for this session including child processes 347 Mbytes.
CPU usage for this session 29 seconds ( 0.01 hours ).
Elapsed time for this session 24 seconds ( 0.01 hours ).

Thank you...

