#======================================================
#
# Synopsys Synthesis Scripts (Design Vision dctcl mode)
#
#======================================================
#======================================================
# (A) Global Parameters
#======================================================
set DESIGN "LCD_CTRL"
LCD_CTRL
set CYCLE 15.0
15.0
set INPUT_DLY [expr 0.5*$CYCLE]
7.5
set OUTPUT_DLY [expr 0.5*$CYCLE]
7.5
#======================================================
# (B) Read RTL Code
#======================================================
# (B-1) analyze + elaborate
set hdlin_auto_save_templates TRUE
TRUE
analyze -f sverilog $DESIGN\.v 
Running PRESTO HDLC
Compiling source file ./LCD_CTRL.v
Presto compilation completed successfully.
Loading db file '/RAID2/COURSE/BackUp/2023_Spring/iclab/iclabta01/umc018/Synthesis/slow.db'
Loading db file '/RAID2/COURSE/BackUp/2023_Spring/iclab/iclabta01/umc018/Synthesis/fast.db'
Loading db file '/usr/cad/synopsys/synthesis/cur/libraries/syn/dw_foundation.sldb'
1
elaborate $DESIGN  
Loading db file '/usr/cad/synopsys/synthesis/2022.03/libraries/syn/gtech.db'
Loading db file '/usr/cad/synopsys/synthesis/2022.03/libraries/syn/standard.sldb'
  Loading link library 'slow'
  Loading link library 'fast'
  Loading link library 'gtech'
Running PRESTO HDLC

Statistics for case statements in always block at line 39 in file
        './LCD_CTRL.v'
===============================================
|           Line           |  full/ parallel  |
===============================================
|            40            |    auto/auto     |
===============================================

Inferred memory devices in process
        in routine LCD_CTRL line 34 in file
                './LCD_CTRL.v'.
===============================================================================
|    Register Name    |   Type    | Width | Bus | MB | AR | AS | SR | SS | ST |
===============================================================================
|        S_reg        | Flip-flop |   3   |  Y  | N  | N  | N  | N  | N  | N  |
===============================================================================

Inferred memory devices in process
        in routine LCD_CTRL line 39 in file
                './LCD_CTRL.v'.
===========================================================================
|    Register Name    | Type  | Width | Bus | MB | AR | AS | SR | SS | ST |
===========================================================================
|      S_nxt_reg      | Latch |   3   |  Y  | N  | N  | N  | -  | -  | -  |
===========================================================================

Inferred memory devices in process
        in routine LCD_CTRL line 78 in file
                './LCD_CTRL.v'.
===============================================================================
|    Register Name    |   Type    | Width | Bus | MB | AR | AS | SR | SS | ST |
===============================================================================
|      image_reg      | Flip-flop |  512  |  Y  | N  | N  | N  | N  | N  | N  |
|     IROM_A_reg      | Flip-flop |   6   |  Y  | N  | N  | N  | N  | N  | N  |
|   IROM_A_nxt_reg    | Flip-flop |   6   |  Y  | N  | N  | N  | N  | N  | N  |
|  finish_input_reg   | Flip-flop |   1   |  N  | N  | N  | N  | N  | N  | N  |
===============================================================================

Inferred memory devices in process
        in routine LCD_CTRL line 141 in file
                './LCD_CTRL.v'.
===========================================================================
|    Register Name    | Type  | Width | Bus | MB | AR | AS | SR | SS | ST |
===========================================================================
|     IROM_rd_reg     | Latch |   1   |  N  | N  | N  | N  | -  | -  | -  |
===========================================================================

Inferred memory devices in process
        in routine LCD_CTRL line 148 in file
                './LCD_CTRL.v'.
===============================================================================
|    Register Name    |   Type    | Width | Bus | MB | AR | AS | SR | SS | ST |
===============================================================================
|       dy_reg        | Flip-flop |   3   |  Y  | N  | N  | N  | N  | N  | N  |
|       dx_reg        | Flip-flop |   3   |  Y  | N  | N  | N  | N  | N  | N  |
===============================================================================

Inferred memory devices in process
        in routine LCD_CTRL line 171 in file
                './LCD_CTRL.v'.
===============================================================================
|    Register Name    |   Type    | Width | Bus | MB | AR | AS | SR | SS | ST |
===============================================================================
|     counter_reg     | Flip-flop |   2   |  Y  | N  | N  | N  | N  | N  | N  |
|     min_val_reg     | Flip-flop |   8   |  Y  | N  | N  | N  | N  | N  | N  |
|     max_val_reg     | Flip-flop |   8   |  Y  | N  | N  | N  | N  | N  | N  |
|    accum_val_reg    | Flip-flop |  10   |  Y  | N  | N  | N  | N  | N  | N  |
|    calc_done_reg    | Flip-flop |   1   |  N  | N  | N  | N  | N  | N  | N  |
===============================================================================

Inferred memory devices in process
        in routine LCD_CTRL line 212 in file
                './LCD_CTRL.v'.
===============================================================================
|    Register Name    |   Type    | Width | Bus | MB | AR | AS | SR | SS | ST |
===============================================================================
|  finish_output_reg  | Flip-flop |   1   |  N  | N  | N  | N  | N  | N  | N  |
|    IRAM_CNT_reg     | Flip-flop |   6   |  Y  | N  | N  | N  | N  | N  | N  |
|     IRAM_A_reg      | Flip-flop |   6   |  Y  | N  | N  | N  | N  | N  | N  |
|     IRAM_D_reg      | Flip-flop |   8   |  Y  | N  | N  | N  | N  | N  | N  |
|   IRAM_valid_reg    | Flip-flop |   1   |  N  | N  | N  | N  | N  | N  | N  |
===============================================================================
Statistics for MUX_OPs
======================================================
| block name/line  | Inputs | Outputs | # sel inputs |
======================================================
|   LCD_CTRL/114   |   64   |    8    |      6       |
|   LCD_CTRL/115   |   64   |    8    |      6       |
|   LCD_CTRL/116   |   64   |    8    |      6       |
|   LCD_CTRL/117   |   64   |    8    |      6       |
|   LCD_CTRL/223   |   64   |    8    |      6       |
======================================================
Presto compilation completed successfully. (LCD_CTRL)
Elaborated 1 design.
Current design is now 'LCD_CTRL'.
1
# (B-2) read_sverilog
#read_sverilog $DESIGN\.v
# (B-3) set current design
current_design $DESIGN
Current design is 'LCD_CTRL'.
{LCD_CTRL}
link

  Linking design 'LCD_CTRL'
  Using the following designs and libraries:
  --------------------------------------------------------------------------
  LCD_CTRL                    /RAID2/COURSE/2025_Spring/DCS/DCS031/ic_contest_practice/2018_univ_P_LCD/02_SYN/LCD_CTRL.db
  slow (library)              /RAID2/COURSE/BackUp/2023_Spring/iclab/iclabta01/umc018/Synthesis/slow.db
  fast (library)              /RAID2/COURSE/BackUp/2023_Spring/iclab/iclabta01/umc018/Synthesis/fast.db
  dw_foundation.sldb (library) /usr/cad/synopsys/synthesis/cur/libraries/syn/dw_foundation.sldb

1
#======================================================
#  (C) Global Setting
#======================================================
# set_operating_conditions  -max slow  -min fast
# set_wire_load_model -name tsmc13_wl10 -library slow      
#======================================================
#  (D) Set Design Constraints
#======================================================
# (D-1) Setting Clock Constraints
create_clock -name clk -period $CYCLE [get_ports clk] 
1
set_dont_touch_network             [get_clocks clk]
1
#set_fix_hold                       [get_clocks clk]
set_clock_uncertainty       0.1    [get_clocks clk]
1
set_clock_latency           0.5      [get_clocks clk] 
1
#set_input_transition        0.5    [all_inputs] 
#set_clock_transition        0.1    [all_clocks] 
# (D-2) Setting in/out Constraints
#set_input_delay   -max  $INPUT_DLY  -clock clk   [all_inputs] ;  # set_up time check 
#set_input_delay   -min  0           -clock clk   [all_inputs] ;  # hold   time check 
#set_output_delay  -max  $OUTPUT_DLY -clock clk   [all_outputs] ; # set_up time check 
#set_output_delay  -min  0           -clock clk   [all_outputs] ; # hold   time check 
#set_input_delay 0 -clock clk clk
#set_input_delay 0 -clock clk reset
#set_max_delay $CYCLE -from [all_inputs] -to [all_outputs]
set_input_delay  $INPUT_DLY -clock clk [remove_from_collection [all_inputs] [get_ports clk]]
1
set_output_delay 0.5        -clock clk [all_outputs] 
1
# (D-3) Setting Design Environment
set_load         1     [all_outputs]
1
set_drive        1     [all_inputs]
1
# (D-4) Setting DRC Constraint
set_max_fanout 20 [all_inputs]
1
# (D-5) Report Clock skew
report_clock -skew clk
Information: Checking out the license 'DesignWare'. (SEC-104)
Information: Updating design information... (UID-85)
Warning: Design 'LCD_CTRL' contains 2 high-fanout nets. A fanout number of 1000 will be used for delay calculations involving these nets. (TIM-134)
 
****************************************
Report : clock_skew
Design : LCD_CTRL
Version: T-2022.03
Date   : Thu Mar 20 11:58:53 2025
****************************************

                 Rise      Fall  Min Rise  Min fall        Uncertainty
Object          Delay     Delay     Delay     Delay     Plus      Minus
--------------------------------------------------------------------------------
clk              0.50      0.50      0.50      0.50      0.10      0.10
1
check_timing

Information: Checking generated_clocks...

Information: Checking loops...

Information: Checking no_input_delay...

Information: Checking unconstrained_endpoints...

Warning: The following end-points are not constrained for maximum delay.

End point
---------------
IROM_rd
IROM_rd_reg/data_in
S_nxt_reg[0]/data_in
S_nxt_reg[1]/data_in
S_nxt_reg[2]/data_in

Information: Checking pulse_clock_cell_type...

Information: Checking no_driving_cell...

Information: Checking partial_input_delay...
1
#======================================================
#  (E) Optimization
#======================================================
check_design > Report/$DESIGN\.check
set_fix_multiple_port_nets -all -buffer_constants [get_designs *]
1
set_fix_hold [all_clocks]
1
compile_ultra
Information: Performing power optimization. (PWR-850)
Analyzing: "/RAID2/COURSE/BackUp/2023_Spring/iclab/iclabta01/umc018/Synthesis/slow.db"
Analyzing: "/RAID2/COURSE/BackUp/2023_Spring/iclab/iclabta01/umc018/Synthesis/fast.db"
Library analysis succeeded.
Information: Running optimization using a maximum of 4 cores. (OPT-1500)
Information: Evaluating DesignWare library utilization. (UISN-27)

============================================================================
| DesignWare Building Block Library  |         Version         | Available |
============================================================================
| Basic DW Building Blocks           | S-2021.06-DWBB_202106.0 |     *     |
| Licensed DW Building Blocks        | S-2021.06-DWBB_202106.0 |     *     |
============================================================================

====================================================================================================
| Flow Information                                                                                 |
----------------------------------------------------------------------------------------------------
| Flow         | Design Compiler NXT WLM                                                           |
| Comand line  | compile_ultra                                                                     |
====================================================================================================
| Design Information                                      | Value                                  |
====================================================================================================
| Number of Scenarios                                     | 0                                      |
| Leaf Cell Count                                         | 8515                                   |
| Number of User Hierarchies                              | 0                                      |
| Sequential Cell Count                                   | 589                                    |
| Macro Count                                             | 0                                      |
| Number of Power Domains                                 | 0                                      |
| Number of Path Groups                                   | 2                                      |
| Number of VT class                                      | 0                                      |
| Number of Clocks                                        | 1                                      |
| Number of Dont Touch cells                              | 2809                                   |
| Number of Dont Touch nets                               | 1                                      |
| Number of size only cells                               | 0                                      |
| Design with UPF Data                                    | false                                  |
----------------------------------------------------------------------------------------------------
| Variables                                               | Value                                  |
----------------------------------------------------------------------------------------------------
| set_fix_multiple_port_nets                              | -all -buffer_constants                 |
====================================================================================================
Information: Sequential output inversion is enabled.  SVF file must be used for formal verification. (OPT-1208)

Information: There are 11 potential problems in your design. Please run 'check_design' for more information. (LINT-99)

  Simplifying Design 'LCD_CTRL'

  Loading target library 'fast'
Loaded alib file './alib-52/slow.db.alib'
Loaded alib file './alib-52/fast.db.alib'
Warning: Operating condition slow set on design LCD_CTRL has different process,
voltage and temperatures parameters than the parameters at which target library 
fast is characterized. Delays may be inaccurate as a result. (OPT-998)
  Building model 'DW01_NAND2'
Information: Ungrouping 0 of 1 hierarchies before Pass 1 (OPT-775)
Information: State dependent leakage is now switched from on to off.

  Beginning Pass 1 Mapping
  ------------------------
  Processing 'LCD_CTRL'
Information: Added key list 'DesignWare' to design 'LCD_CTRL'. (DDB-72)
 Implement Synthetic for 'LCD_CTRL'.

  Updating timing information
Information: Updating design information... (UID-85)
Information: The library cell 'HOLDX1' in the library 'slow' is not characterized for internal power. (PWR-536)
Information: The target library(s) contains cell(s), other than black boxes, that are not characterized for internal power. (PWR-24)

  Beginning Mapping Optimizations  (Ultra High effort)
  -------------------------------
  Mapping Optimization (Phase 1)

                                  TOTAL                                                            
   ELAPSED            WORST NEG   SETUP    DESIGN                              LEAKAGE   MIN DELAY 
    TIME      AREA      SLACK     COST    RULE COST         ENDPOINT            POWER      COST    
  --------- --------- --------- --------- --------- ------------------------- --------- -----------
    0:00:29  165182.4      0.00       0.0    1044.9                           17797534.0000      0.00  
    0:00:30  161955.8      0.00       0.0    1041.7                           17521128.0000      0.00  

  Beginning Constant Register Removal
  -----------------------------------
    0:00:30  177097.5      0.00       0.0    1041.7                           21160628.0000      0.00  
    0:00:30  177097.5      0.00       0.0    1041.7                           21160628.0000      0.00  

  Beginning Global Optimizations
  ------------------------------
  Numerical Synthesis (Phase 1)
  Numerical Synthesis (Phase 2)
  Global Optimization (Phase 1)
  Global Optimization (Phase 2)
  Global Optimization (Phase 3)
  Global Optimization (Phase 4)
  Global Optimization (Phase 5)
  Global Optimization (Phase 6)
  Global Optimization (Phase 7)
  Global Optimization (Phase 8)
  Global Optimization (Phase 9)
  Global Optimization (Phase 10)
  Global Optimization (Phase 11)
  Global Optimization (Phase 12)
  Global Optimization (Phase 13)
  Global Optimization (Phase 14)
  Global Optimization (Phase 15)
  Global Optimization (Phase 16)
  Global Optimization (Phase 17)
  Global Optimization (Phase 18)
  Global Optimization (Phase 19)
  Global Optimization (Phase 20)
  Global Optimization (Phase 21)
  Global Optimization (Phase 22)
  Global Optimization (Phase 23)
  Global Optimization (Phase 24)
  Global Optimization (Phase 25)
  Global Optimization (Phase 26)
  Global Optimization (Phase 27)
  Global Optimization (Phase 28)
  Global Optimization (Phase 29)
  Global Optimization (Phase 30)
  Global Optimization (Phase 31)

  Beginning Isolate Ports
  -----------------------

  Beginning Delay Optimization
  ----------------------------
    0:00:32  120522.1      0.00       0.0   13882.7                           8276876.5000      0.00  
    0:00:32  120522.1      0.00       0.0   13882.7                           8276876.5000      0.00  
    0:00:32  120522.1      0.00       0.0   13882.7                           8276876.5000      0.00  
    0:00:33  120515.5      0.00       0.0   13882.7                           8273874.0000      0.00  
    0:00:33  120445.6      0.00       0.0   13882.7                           8266212.0000      0.00  
    0:00:33  120445.6      0.00       0.0   13882.7                           8266212.0000      0.00  

  Beginning WLM Backend Optimization
  --------------------------------------
    0:00:35  119264.7      0.00       0.0   13882.7                           8089573.5000      0.00  
    0:00:35  119264.7      0.00       0.0   13882.7                           8089573.5000      0.00  
    0:00:35  119264.7      0.00       0.0   13882.7                           8089573.5000      0.00  
    0:00:36  119174.9      0.00       0.0   13874.7                           6959550.0000      0.00  
    0:00:36  119174.9      0.00       0.0   13874.7                           6959550.0000      0.00  
    0:00:36  119174.9      0.00       0.0   13874.7                           6959550.0000      0.00  
    0:00:36  119174.9      0.00       0.0   13874.7                           6959550.0000      0.00  
    0:00:36  119174.9      0.00       0.0   13874.7                           6959550.0000      0.00  
    0:00:36  119174.9      0.00       0.0   13874.7                           6959550.0000      0.00  
    0:00:36  119174.9      0.00       0.0   13874.7                           6959550.0000      0.00  
    0:00:36  119174.9      0.00       0.0   13874.7                           6959550.0000      0.00  
    0:00:36  119174.9      0.00       0.0   13874.7                           6959550.0000      0.00  
    0:00:36  119174.9      0.00       0.0   13874.7                           6959550.0000      0.00  
    0:00:36  119174.9      0.00       0.0   13874.7                           6959550.0000      0.00  
    0:00:36  119174.9      0.00       0.0   13874.7                           6959550.0000      0.00  
    0:00:36  119174.9      0.00       0.0   13874.7                           6959550.0000      0.00  
    0:00:36  119174.9      0.00       0.0   13874.7                           6959550.0000      0.00  
    0:00:36  119174.9      0.00       0.0   13874.7                           6959550.0000      0.00  
    0:00:36  119174.9      0.00       0.0   13874.7                           6959550.0000      0.00  
    0:00:36  119174.9      0.00       0.0   13874.7                           6959550.0000      0.00  
    0:00:36  119174.9      0.00       0.0   13874.7                           6959550.0000      0.00  
    0:00:36  119174.9      0.00       0.0   13874.7                           6959550.0000      0.00  


  Beginning Design Rule Fixing  (max_transition)  (max_capacitance)
  ----------------------------

                                  TOTAL                                                            
   ELAPSED            WORST NEG   SETUP    DESIGN                              LEAKAGE   MIN DELAY 
    TIME      AREA      SLACK     COST    RULE COST         ENDPOINT            POWER      COST    
  --------- --------- --------- --------- --------- ------------------------- --------- -----------
    0:00:36  119174.9      0.00       0.0   13874.7                           6959550.0000      0.00  
  Global Optimization (Phase 32)
  Global Optimization (Phase 33)
  Global Optimization (Phase 34)
    0:00:36  119663.9      0.00       0.0       0.0                           7038629.0000      0.00  
    0:00:36  119663.9      0.00       0.0       0.0                           7038629.0000      0.00  


  Beginning Leakage Power Optimization  (max_leakage_power 0)
  ------------------------------------

                                  TOTAL                                                            
   ELAPSED            WORST NEG   SETUP    DESIGN                              LEAKAGE   MIN DELAY 
    TIME      AREA      SLACK     COST    RULE COST         ENDPOINT            POWER      COST    
  --------- --------- --------- --------- --------- ------------------------- --------- -----------
    0:00:36  119663.9      0.00       0.0       0.0                           7038629.0000      0.00  
  Global Optimization (Phase 35)
  Global Optimization (Phase 36)
  Global Optimization (Phase 37)
  Global Optimization (Phase 38)
  Global Optimization (Phase 39)
  Global Optimization (Phase 40)
  Global Optimization (Phase 41)
  Global Optimization (Phase 42)
  Global Optimization (Phase 43)
  Global Optimization (Phase 44)
  Global Optimization (Phase 45)
  Global Optimization (Phase 46)
  Global Optimization (Phase 47)
  Global Optimization (Phase 48)
    0:00:37  121603.2      0.00       0.0       0.0                           6470009.5000      0.00  
    0:00:37  121603.2      0.00       0.0       0.0                           6470009.5000      0.00  
    0:00:37  121603.2      0.00       0.0       0.0                           6470009.5000      0.00  
    0:00:37  121011.1      0.00       0.0       0.0                           6517340.5000      0.00  
    0:00:37  121011.1      0.00       0.0       0.0                           6517340.5000      0.00  
    0:00:37  121011.1      0.00       0.0       0.0                           6517340.5000      0.00  
    0:00:37  121011.1      0.00       0.0       0.0                           6517340.5000      0.00  
    0:00:37  121011.1      0.00       0.0       0.0                           6517340.5000      0.00  
    0:00:37  121011.1      0.00       0.0       0.0                           6517340.5000      0.00  
    0:00:37  121011.1      0.00       0.0       0.0                           6517340.5000      0.00  
    0:00:37  121011.1      0.00       0.0       0.0                           6517340.5000      0.00  
    0:00:37  121011.1      0.00       0.0       0.0                           6517340.5000      0.00  
    0:00:37  121011.1      0.00       0.0       0.0                           6517340.5000      0.00  
    0:00:37  121011.1      0.00       0.0       0.0                           6517340.5000      0.00  
    0:00:37  121011.1      0.00       0.0       0.0                           6517340.5000      0.00  
    0:00:37  121011.1      0.00       0.0       0.0                           6517340.5000      0.00  
    0:00:37  121011.1      0.00       0.0       0.0                           6517340.5000      0.00  
    0:00:37  121011.1      0.00       0.0       0.0                           6517340.5000      0.00  
    0:00:37  121011.1      0.00       0.0       0.0                           6517340.5000      0.00  
    0:00:37  121011.1      0.00       0.0       0.0                           6517340.5000      0.00  
    0:00:37  121011.1      0.00       0.0       0.0                           6517340.5000      0.00  
    0:00:37  121011.1      0.00       0.0       0.0                           6517340.5000      0.00  

                                  TOTAL                                                            
   ELAPSED            WORST NEG   SETUP    DESIGN                              LEAKAGE   MIN DELAY 
    TIME      AREA      SLACK     COST    RULE COST         ENDPOINT            POWER      COST    
  --------- --------- --------- --------- --------- ------------------------- --------- -----------
    0:00:38  121011.1      0.00       0.0       0.0                           6517340.5000      0.00  
    0:00:38  118905.5      0.00       0.0       0.0                           6619700.5000      0.00  
    0:00:38  118905.5      0.00       0.0       0.0                           6619700.5000      0.00  
    0:00:38  118905.5      0.00       0.0       0.0                           6619700.5000      0.00  
    0:00:38  118908.8      0.00       0.0       0.0                           6618918.5000      0.00  
    0:00:39  119244.8      0.00       0.0       0.0                           6597121.5000      0.00  
    0:00:39  119244.8      0.00       0.0       0.0                           6597121.5000      0.00  
    0:00:39  119244.8      0.00       0.0       0.0                           6597121.5000      0.00  
    0:00:39  119244.8      0.00       0.0       0.0                           6597121.5000      0.00  
    0:00:39  119244.8      0.00       0.0       0.0                           6597121.5000      0.00  
    0:00:39  119244.8      0.00       0.0       0.0                           6597121.5000      0.00  
Loading db file '/RAID2/COURSE/BackUp/2023_Spring/iclab/iclabta01/umc018/Synthesis/slow.db'
Loading db file '/RAID2/COURSE/BackUp/2023_Spring/iclab/iclabta01/umc018/Synthesis/fast.db'


Note: Symbol # after min delay cost means estimated hold TNS across all active scenarios 


  Optimization Complete
  ---------------------
  Loading target library 'fast'
Information: State dependent leakage is now switched from off to on.
Information: Propagating switching activity (low effort zero delay simulation). (PWR-6)
1
#uniquify
#compile
#======================================================
#  (F) Output Reports 
#======================================================
report_design  >  Report/$DESIGN\.design
report_resource >  Report/$DESIGN\.resource
report_timing -max_paths 3 >  Report/$DESIGN\.timing
report_area >  Report/$DESIGN\.area
report_power > Report/$DESIGN\.power
report_clock > Report/$DESIGN\.clock
report_port >  Report/$DESIGN\.port
report_power >  Report/$DESIGN\.power
#report_reference > Report/$DESIGN\.reference
#======================================================
#  (G) Change Naming Rule
#======================================================
set bus_inference_style "%s\[%d\]"
%s[%d]
set bus_naming_style "%s\[%d\]"
%s[%d]
set hdlout_internal_busses true
true
change_names -hierarchy -rule verilog
1
define_name_rules name_rule -allowed "a-z A-Z 0-9 _" -max_length 255 -type cell
1
define_name_rules name_rule -allowed "a-z A-Z 0-9 _[]" -max_length 255 -type net
1
define_name_rules name_rule -map {{"\\*cell\\*" "cell"}}
1
define_name_rules name_rule -case_insensitive
1
change_names -hierarchy -rules name_rule
1
#======================================================
#  (H) Output Results
#======================================================
set verilogout_higher_designs_first true
true
write -format verilog -output Netlist/$DESIGN\_SYN.v -hierarchy
Writing verilog file '/RAID2/COURSE/2025_Spring/DCS/DCS031/ic_contest_practice/2018_univ_P_LCD/02_SYN/Netlist/LCD_CTRL_SYN.v'.
1
write -format ddc     -hierarchy -output $DESIGN\_SYN.ddc
Writing ddc file 'LCD_CTRL_SYN.ddc'.
1
write_sdf -version 3.0 -context verilog -load_delay cell Netlist/$DESIGN\_SYN.sdf -significant_digits 6
Information: Writing timing information to file '/RAID2/COURSE/2025_Spring/DCS/DCS031/ic_contest_practice/2018_univ_P_LCD/02_SYN/Netlist/LCD_CTRL_SYN.sdf'. (WT-3)
1
write_sdc Netlist/$DESIGN\_SYN.sdc
1
#======================================================
#  (I) Finish and Quit
#======================================================
report_area
 
****************************************
Report : area
Design : LCD_CTRL
Version: T-2022.03
Date   : Thu Mar 20 12:01:23 2025
****************************************

Library(s) Used:

    slow (File: /RAID2/COURSE/BackUp/2023_Spring/iclab/iclabta01/umc018/Synthesis/slow.db)

Number of ports:                           39
Number of nets:                          5529
Number of cells:                         5503
Number of combinational cells:           4913
Number of sequential cells:               589
Number of macros/black boxes:               0
Number of buf/inv:                        289
Number of references:                      47

Combinational area:              87604.072709
Buf/Inv area:                     2920.579303
Noncombinational area:           31640.717209
Macro/Black Box area:                0.000000
Net Interconnect area:      undefined  (No wire load specified)

Total cell area:                119244.789918
Total area:                 undefined
1
report_timing 
 
****************************************
Report : timing
        -path full
        -delay max
        -max_paths 1
Design : LCD_CTRL
Version: T-2022.03
Date   : Thu Mar 20 12:01:23 2025
****************************************

Operating Conditions: slow   Library: slow
Wire Load Model Mode: top

  Startpoint: cmd[0] (input port clocked by clk)
  Endpoint: image_reg_6__3_
            (rising edge-triggered flip-flop clocked by clk)
  Path Group: clk
  Path Type: max

  Point                                    Incr       Path
  -----------------------------------------------------------
  clock clk (rise edge)                    0.00       0.00
  clock network delay (ideal)              0.50       0.50
  input external delay                     7.50       8.00 r
  cmd[0] (in)                              0.07       8.07 r
  U4361/Y (INVXL)                          0.09       8.17 f
  U4494/Y (NAND2XL)                        0.16       8.32 r
  U4496/Y (INVXL)                          0.14       8.46 f
  U3424/Y (NOR2XL)                         0.81       9.28 r
  U3451/Y (INVX2)                          0.53       9.80 f
  U5436/Y (AOI221XL)                       1.90      11.70 r
  U5012/Y (INVXL)                          0.44      12.14 f
  U5013/Y (INVXL)                          1.43      13.58 r
  U6339/Y (AOI22XL)                        0.24      13.82 f
  U6341/Y (OAI211XL)                       0.20      14.03 r
  image_reg_6__3_/D (DFFHQX1)              0.00      14.03 r
  data arrival time                                  14.03

  clock clk (rise edge)                   15.00      15.00
  clock network delay (ideal)              0.50      15.50
  clock uncertainty                       -0.10      15.40
  image_reg_6__3_/CK (DFFHQX1)             0.00      15.40 r
  library setup time                      -0.22      15.18
  data required time                                 15.18
  -----------------------------------------------------------
  data required time                                 15.18
  data arrival time                                 -14.03
  -----------------------------------------------------------
  slack (MET)                                         1.15


1
exit
Memory usage for this session 299 Mbytes.
Memory usage for this session including child processes 588 Mbytes.
CPU usage for this session 158 seconds ( 0.04 hours ).
Elapsed time for this session 156 seconds ( 0.04 hours ).

Thank you...

