#======================================================
#
# Synopsys Synthesis Scripts (Design Vision dctcl mode)
#
#======================================================
#======================================================
# (A) Global Parameters
#======================================================
set DESIGN "JAM"
JAM
set CYCLE 10.0
10.0
set INPUT_DLY [expr 0.5*$CYCLE]
5.0
set OUTPUT_DLY [expr 0.5*$CYCLE]
5.0
#======================================================
# (B) Read RTL Code
#======================================================
# (B-1) analyze + elaborate
set hdlin_auto_save_templates TRUE
TRUE
analyze -f sverilog $DESIGN\.v 
Running PRESTO HDLC
Compiling source file ./JAM.v
Presto compilation completed successfully.
Loading db file '/RAID2/COURSE/BackUp/2023_Spring/iclab/iclabta01/umc018/Synthesis/slow.db'
Loading db file '/usr/cad/synopsys/synthesis/cur/libraries/syn/dw_foundation.sldb'
1
elaborate $DESIGN  
Loading db file '/usr/cad/synopsys/synthesis/2022.03/libraries/syn/gtech.db'
Loading db file '/usr/cad/synopsys/synthesis/2022.03/libraries/syn/standard.sldb'
  Loading link library 'slow'
  Loading link library 'gtech'
Running PRESTO HDLC
Warning:  ./JAM.v:58: signed to unsigned assignment occurs. (VER-318)
Warning:  ./JAM.v:59: signed to unsigned assignment occurs. (VER-318)
Warning:  ./JAM.v:60: signed to unsigned assignment occurs. (VER-318)
Warning:  ./JAM.v:61: signed to unsigned assignment occurs. (VER-318)
Warning:  ./JAM.v:62: signed to unsigned assignment occurs. (VER-318)
Warning:  ./JAM.v:63: signed to unsigned assignment occurs. (VER-318)
Warning:  ./JAM.v:64: signed to unsigned assignment occurs. (VER-318)
Warning:  ./JAM.v:66: signed to unsigned assignment occurs. (VER-318)
Warning:  ./JAM.v:106: signed to unsigned assignment occurs. (VER-318)
Warning:  ./JAM.v:203: signed to unsigned assignment occurs. (VER-318)
Warning:  ./JAM.v:215: signed to unsigned assignment occurs. (VER-318)
Warning:  ./JAM.v:218: signed to unsigned assignment occurs. (VER-318)
Warning:  ./JAM.v:219: signed to unsigned assignment occurs. (VER-318)

Statistics for case statements in always block at line 103 in file
        './JAM.v'
===============================================
|           Line           |  full/ parallel  |
===============================================
|           114            |    auto/auto     |
===============================================

Statistics for case statements in always block at line 211 in file
        './JAM.v'
===============================================
|           Line           |  full/ parallel  |
===============================================
|           212            |    auto/auto     |
===============================================

Inferred memory devices in process
        in routine JAM line 37 in file
                './JAM.v'.
===============================================================================
|    Register Name    |   Type    | Width | Bus | MB | AR | AS | SR | SS | ST |
===============================================================================
|    input_cnt_reg    | Flip-flop |   4   |  Y  | N  | N  | N  | N  | N  | N  |
===============================================================================

Inferred memory devices in process
        in routine JAM line 43 in file
                './JAM.v'.
===============================================================================
|    Register Name    |   Type    | Width | Bus | MB | AR | AS | SR | SS | ST |
===============================================================================
|        J_reg        | Flip-flop |   3   |  Y  | N  | N  | N  | N  | N  | N  |
|        W_reg        | Flip-flop |   3   |  Y  | N  | N  | N  | N  | N  | N  |
===============================================================================

Inferred memory devices in process
        in routine JAM line 78 in file
                './JAM.v'.
===============================================================================
|    Register Name    |   Type    | Width | Bus | MB | AR | AS | SR | SS | ST |
===============================================================================
| swap_number_reg_reg | Flip-flop |   3   |  Y  | N  | N  | N  | N  | N  | N  |
===============================================================================

Inferred memory devices in process
        in routine JAM line 86 in file
                './JAM.v'.
=================================================================================
|     Register Name     |   Type    | Width | Bus | MB | AR | AS | SR | SS | ST |
=================================================================================
| swap_number_const_reg | Flip-flop |   3   |  Y  | N  | N  | N  | N  | N  | N  |
=================================================================================

Inferred memory devices in process
        in routine JAM line 92 in file
                './JAM.v'.
===============================================================================
|    Register Name    |   Type    | Width | Bus | MB | AR | AS | SR | SS | ST |
===============================================================================
|    mini_idx_reg     | Flip-flop |   3   |  Y  | N  | N  | N  | N  | N  | N  |
===============================================================================

Inferred memory devices in process
        in routine JAM line 103 in file
                './JAM.v'.
===============================================================================
|    Register Name    |   Type    | Width | Bus | MB | AR | AS | SR | SS | ST |
===============================================================================
|      sort_reg       | Flip-flop |  24   |  Y  | N  | N  | N  | N  | N  | N  |
===============================================================================

Inferred memory devices in process
        in routine JAM line 172 in file
                './JAM.v'.
===============================================================================
|    Register Name    |   Type    | Width | Bus | MB | AR | AS | SR | SS | ST |
===============================================================================
|     current_reg     | Flip-flop |  10   |  Y  | N  | N  | N  | N  | N  | N  |
===============================================================================

Inferred memory devices in process
        in routine JAM line 183 in file
                './JAM.v'.
===============================================================================
|    Register Name    |   Type    | Width | Bus | MB | AR | AS | SR | SS | ST |
===============================================================================
|     MinCost_reg     | Flip-flop |  10   |  Y  | N  | N  | N  | N  | N  | N  |
===============================================================================

Inferred memory devices in process
        in routine JAM line 192 in file
                './JAM.v'.
===============================================================================
|    Register Name    |   Type    | Width | Bus | MB | AR | AS | SR | SS | ST |
===============================================================================
|   MatchCount_reg    | Flip-flop |   4   |  Y  | N  | N  | N  | N  | N  | N  |
===============================================================================

Inferred memory devices in process
        in routine JAM line 205 in file
                './JAM.v'.
===============================================================================
|    Register Name    |   Type    | Width | Bus | MB | AR | AS | SR | SS | ST |
===============================================================================
|      state_reg      | Flip-flop |   3   |  Y  | N  | Y  | N  | N  | N  | N  |
===============================================================================
Statistics for MUX_OPs
======================================================
| block name/line  | Inputs | Outputs | # sel inputs |
======================================================
|      JAM/50      |   8    |    3    |      3       |
|      JAM/96      |   8    |    3    |      3       |
|      JAM/96      |   8    |    3    |      3       |
|      JAM/96      |   8    |    3    |      3       |
======================================================
Presto compilation completed successfully. (JAM)
Elaborated 1 design.
Current design is now 'JAM'.
1
# (B-2) read_sverilog
#read_sverilog $DESIGN\.v
# (B-3) set current design
current_design $DESIGN
Current design is 'JAM'.
{JAM}
link

  Linking design 'JAM'
  Using the following designs and libraries:
  --------------------------------------------------------------------------
  JAM                         /RAID2/COURSE/2025_Spring/DCS/DCS031/2022_univ/02_SYN/JAM.db
  slow (library)              /RAID2/COURSE/BackUp/2023_Spring/iclab/iclabta01/umc018/Synthesis/slow.db
  dw_foundation.sldb (library) /usr/cad/synopsys/synthesis/cur/libraries/syn/dw_foundation.sldb

1
#======================================================
#  (C) Global Setting
#======================================================
# set_operating_conditions -max_library slow -max slow
# set_wire_load_model -name tsmc13_wl10 -library slow    
#======================================================
#  (D) Set Design Constraints
#======================================================
# (D-1) Setting Clock Constraints
create_clock -name CLK -period $CYCLE [get_ports CLK] 
1
set_dont_touch_network             [get_clocks CLK]
1
set_fix_hold                       [get_clocks CLK]
1
set_clock_uncertainty       0.1    [get_clocks CLK]
1
set_clock_latency           0.5    [get_clocks CLK] 
1
# (D-2) Setting in/out Constraints
set_input_delay  0   -clock CLK [remove_from_collection [all_inputs] [get_ports CLK]] -clock_fall
1
set_output_delay 0    -clock CLK [all_outputs]  -clock_fall
1
# (D-3) Setting Design Environment
set_load         1   [all_outputs]
1
set_drive        0.1   [all_inputs]
1
# (D-4) Setting DRC Constraint
set_max_fanout 20 [all_inputs]
1
# (D-5) Report Clock skew
report_clock -skew CLK
Information: Checking out the license 'DesignWare'. (SEC-104)
Information: Updating design information... (UID-85)
 
****************************************
Report : clock_skew
Design : JAM
Version: T-2022.03
Date   : Wed Mar 19 00:47:25 2025
****************************************

                 Rise      Fall  Min Rise  Min fall        Uncertainty
Object          Delay     Delay     Delay     Delay     Plus      Minus
--------------------------------------------------------------------------------
CLK              0.50      0.50      0.50      0.50      0.10      0.10
1
check_timing

Information: Checking generated_clocks...

Information: Checking loops...

Information: Checking no_input_delay...

Information: Checking unconstrained_endpoints...

Information: Checking pulse_clock_cell_type...

Information: Checking no_driving_cell...

Information: Checking partial_input_delay...
1
#======================================================
#  (E) Optimization
#======================================================
check_design > Report/$DESIGN\.check
set_fix_multiple_port_nets -all -buffer_constants [get_designs *]
1
set_fix_hold [all_clocks]
1
compile_ultra
Information: Performing power optimization. (PWR-850)
Alib files are up-to-date.
Information: Running optimization using a maximum of 8 cores. (OPT-1500)
Information: Evaluating DesignWare library utilization. (UISN-27)

============================================================================
| DesignWare Building Block Library  |         Version         | Available |
============================================================================
| Basic DW Building Blocks           | S-2021.06-DWBB_202106.0 |     *     |
| Licensed DW Building Blocks        | S-2021.06-DWBB_202106.0 |     *     |
============================================================================

====================================================================================================
| Flow Information                                                                                 |
----------------------------------------------------------------------------------------------------
| Flow         | Design Compiler NXT WLM                                                           |
| Comand line  | compile_ultra                                                                     |
====================================================================================================
| Design Information                                      | Value                                  |
====================================================================================================
| Number of Scenarios                                     | 0                                      |
| Leaf Cell Count                                         | 497                                    |
| Number of User Hierarchies                              | 0                                      |
| Sequential Cell Count                                   | 70                                     |
| Macro Count                                             | 0                                      |
| Number of Power Domains                                 | 0                                      |
| Number of Path Groups                                   | 2                                      |
| Number of VT class                                      | 0                                      |
| Number of Clocks                                        | 1                                      |
| Number of Dont Touch cells                              | 165                                    |
| Number of Dont Touch nets                               | 1                                      |
| Number of size only cells                               | 0                                      |
| Design with UPF Data                                    | false                                  |
----------------------------------------------------------------------------------------------------
| Variables                                               | Value                                  |
----------------------------------------------------------------------------------------------------
| set_fix_multiple_port_nets                              | -all -buffer_constants                 |
====================================================================================================
Information: Sequential output inversion is enabled.  SVF file must be used for formal verification. (OPT-1208)

Information: There are 9 potential problems in your design. Please run 'check_design' for more information. (LINT-99)

  Simplifying Design 'JAM'

Loaded alib file './alib-52/slow.db.alib'
  Building model 'DW01_NAND2'
Information: Ungrouping 0 of 1 hierarchies before Pass 1 (OPT-775)
Information: State dependent leakage is now switched from on to off.

  Beginning Pass 1 Mapping
  ------------------------
  Processing 'JAM'
Information: Added key list 'DesignWare' to design 'JAM'. (DDB-72)
 Implement Synthetic for 'JAM'.

  Updating timing information
Information: Updating design information... (UID-85)
Information: The library cell 'HOLDX1' in the library 'slow' is not characterized for internal power. (PWR-536)
Information: The target library(s) contains cell(s), other than black boxes, that are not characterized for internal power. (PWR-24)

  Beginning Mapping Optimizations  (Ultra High effort)
  -------------------------------

                                  TOTAL                                                            
   ELAPSED            WORST NEG   SETUP    DESIGN                              LEAKAGE   MIN DELAY 
    TIME      AREA      SLACK     COST    RULE COST         ENDPOINT            POWER      COST    
  --------- --------- --------- --------- --------- ------------------------- --------- -----------
    0:00:03   14123.9      0.00       0.0       3.0                           1325169.3750      0.00  
    0:00:03   14123.9      0.00       0.0       3.0                           1325169.3750      0.00  

  Beginning Constant Register Removal
  -----------------------------------
    0:00:03   14123.9      0.00       0.0       3.0                           1325169.3750      0.00  
    0:00:03   14123.9      0.00       0.0       3.0                           1325169.3750      0.00  

  Beginning Global Optimizations
  ------------------------------
  Numerical Synthesis (Phase 1)
  Numerical Synthesis (Phase 2)
  Global Optimization (Phase 1)
  Global Optimization (Phase 2)
  Global Optimization (Phase 3)
  Global Optimization (Phase 4)
  Global Optimization (Phase 5)
  Global Optimization (Phase 6)
  Global Optimization (Phase 7)
  Global Optimization (Phase 8)
  Global Optimization (Phase 9)
  Global Optimization (Phase 10)
  Global Optimization (Phase 11)
  Global Optimization (Phase 12)
  Global Optimization (Phase 13)
  Global Optimization (Phase 14)
  Global Optimization (Phase 15)
  Global Optimization (Phase 16)
  Global Optimization (Phase 17)
  Global Optimization (Phase 18)
  Global Optimization (Phase 19)
  Global Optimization (Phase 20)
  Global Optimization (Phase 21)
  Global Optimization (Phase 22)
  Global Optimization (Phase 23)
  Global Optimization (Phase 24)
  Global Optimization (Phase 25)
  Global Optimization (Phase 26)
  Global Optimization (Phase 27)
  Global Optimization (Phase 28)
  Global Optimization (Phase 29)

  Beginning Isolate Ports
  -----------------------

  Beginning Delay Optimization
  ----------------------------
    0:00:04   12517.2      0.00       0.0    6819.5                           935243.0625      0.00  
    0:00:04   12517.2      0.00       0.0    6819.5                           935243.0625      0.00  
    0:00:04   12517.2      0.00       0.0    6819.5                           935243.0625      0.00  
    0:00:04   12487.3      0.00       0.0    6819.5                           928052.1875      0.00  
    0:00:04   12477.3      0.00       0.0    6819.5                           926755.4375      0.00  
    0:00:04   12477.3      0.00       0.0    6819.5                           926755.4375      0.00  

  Beginning WLM Backend Optimization
  --------------------------------------
    0:00:04   12494.0      0.00       0.0    6818.7                           923174.5000      0.00  
    0:00:04   12494.0      0.00       0.0    6818.7                           923174.5000      0.00  
    0:00:04   12494.0      0.00       0.0    6818.7                           923174.5000      0.00  
    0:00:04   12470.7      0.00       0.0    6816.7                           861737.6875      0.00  
    0:00:04   12470.7      0.00       0.0    6816.7                           861737.6875      0.00  
    0:00:04   12470.7      0.00       0.0    6816.7                           861737.6875      0.00  
    0:00:04   12470.7      0.00       0.0    6816.7                           861737.6875      0.00  
    0:00:04   12470.7      0.00       0.0    6816.7                           861737.6875      0.00  
    0:00:04   12470.7      0.00       0.0    6816.7                           861737.6875      0.00  
    0:00:04   12470.7      0.00       0.0    6816.7                           861737.6875      0.00  
    0:00:04   12470.7      0.00       0.0    6816.7                           861737.6875      0.00  
    0:00:04   12470.7      0.00       0.0    6816.7                           861737.6875      0.00  
    0:00:04   12470.7      0.00       0.0    6816.7                           861737.6875      0.00  
    0:00:04   12470.7      0.00       0.0    6816.7                           861737.6875      0.00  
    0:00:04   12470.7      0.00       0.0    6816.7                           861737.6875      0.00  
    0:00:04   12470.7      0.00       0.0    6816.7                           861737.6875      0.00  
    0:00:04   12470.7      0.00       0.0    6816.7                           861737.6875      0.00  
    0:00:04   12470.7      0.00       0.0    6816.7                           861737.6875      0.00  
    0:00:04   12470.7      0.00       0.0    6816.7                           861737.6875      0.00  
    0:00:04   12470.7      0.00       0.0    6816.7                           861737.6875      0.00  
    0:00:04   12470.7      0.00       0.0    6816.7                           861737.6875      0.00  
    0:00:04   12470.7      0.00       0.0    6816.7                           861737.6875      0.00  


  Beginning Design Rule Fixing  (max_transition)  (max_capacitance)
  ----------------------------

                                  TOTAL                                                            
   ELAPSED            WORST NEG   SETUP    DESIGN                              LEAKAGE   MIN DELAY 
    TIME      AREA      SLACK     COST    RULE COST         ENDPOINT            POWER      COST    
  --------- --------- --------- --------- --------- ------------------------- --------- -----------
    0:00:04   12470.7      0.00       0.0    6816.7                           861737.6875      0.00  
  Global Optimization (Phase 30)
  Global Optimization (Phase 31)
  Global Optimization (Phase 32)
    0:00:04   12873.2      0.00       0.0       0.0                           923257.4375      0.00  
    0:00:04   12873.2      0.00       0.0       0.0                           923257.4375      0.00  


  Beginning Leakage Power Optimization  (max_leakage_power 0)
  ------------------------------------

                                  TOTAL                                                            
   ELAPSED            WORST NEG   SETUP    DESIGN                              LEAKAGE   MIN DELAY 
    TIME      AREA      SLACK     COST    RULE COST         ENDPOINT            POWER      COST    
  --------- --------- --------- --------- --------- ------------------------- --------- -----------
    0:00:04   12873.2      0.00       0.0       0.0                           923257.4375      0.00  
  Global Optimization (Phase 33)
  Global Optimization (Phase 34)
  Global Optimization (Phase 35)
  Global Optimization (Phase 36)
  Global Optimization (Phase 37)
  Global Optimization (Phase 38)
  Global Optimization (Phase 39)
  Global Optimization (Phase 40)
  Global Optimization (Phase 41)
  Global Optimization (Phase 42)
  Global Optimization (Phase 43)
  Global Optimization (Phase 44)
  Global Optimization (Phase 45)
  Global Optimization (Phase 46)
  Global Optimization (Phase 47)
    0:00:05   12929.7      0.00       0.0       0.0                           814619.3750      0.00  
    0:00:05   12929.7      0.00       0.0       0.0                           814619.3750      0.00  
    0:00:05   12929.7      0.00       0.0       0.0                           814619.3750      0.00  
    0:00:05   12823.3      0.00       0.0       0.0                           821359.8750      0.00  
    0:00:05   12823.3      0.00       0.0       0.0                           821359.8750      0.00  
    0:00:05   12823.3      0.00       0.0       0.0                           821359.8750      0.00  
    0:00:05   12823.3      0.00       0.0       0.0                           821359.8750      0.00  
    0:00:05   12823.3      0.00       0.0       0.0                           821359.8750      0.00  
    0:00:05   12823.3      0.00       0.0       0.0                           821359.8750      0.00  
    0:00:05   12823.3      0.00       0.0       0.0                           821359.8750      0.00  
    0:00:05   12823.3      0.00       0.0       0.0                           821359.8750      0.00  
    0:00:05   12823.3      0.00       0.0       0.0                           821359.8750      0.00  
    0:00:05   12823.3      0.00       0.0       0.0                           821359.8750      0.00  
    0:00:05   12823.3      0.00       0.0       0.0                           821359.8750      0.00  
    0:00:05   12823.3      0.00       0.0       0.0                           821359.8750      0.00  
    0:00:05   12823.3      0.00       0.0       0.0                           821359.8750      0.00  
    0:00:05   12823.3      0.00       0.0       0.0                           821359.8750      0.00  
    0:00:05   12823.3      0.00       0.0       0.0                           821359.8750      0.00  
    0:00:05   12823.3      0.00       0.0       0.0                           821359.8750      0.00  
    0:00:05   12823.3      0.00       0.0       0.0                           821359.8750      0.00  
    0:00:05   12823.3      0.00       0.0       0.0                           821359.8750      0.00  
    0:00:05   12823.3      0.00       0.0       0.0                           821359.8750      0.00  

                                  TOTAL                                                            
   ELAPSED            WORST NEG   SETUP    DESIGN                              LEAKAGE   MIN DELAY 
    TIME      AREA      SLACK     COST    RULE COST         ENDPOINT            POWER      COST    
  --------- --------- --------- --------- --------- ------------------------- --------- -----------
    0:00:05   12823.3      0.00       0.0       0.0                           821359.8750      0.00  
    0:00:05   12670.3      0.00       0.0       0.0                           835526.4375      0.00  
    0:00:05   12670.3      0.00       0.0       0.0                           835526.4375      0.00  
    0:00:05   12670.3      0.00       0.0       0.0                           835526.4375      0.00  
    0:00:05   12670.3      0.00       0.0       0.0                           835526.4375      0.00  
    0:00:05   12746.8      0.00       0.0       0.0                           830242.6250      0.00  
    0:00:05   12746.8      0.00       0.0       0.0                           830242.6250      0.00  
    0:00:05   12746.8      0.00       0.0       0.0                           830242.6250      0.00  
    0:00:05   12746.8      0.00       0.0       0.0                           830242.6250      0.00  
    0:00:05   12746.8      0.00       0.0       0.0                           830242.6250      0.00  
    0:00:05   12746.8      0.00       0.0       0.0                           830242.6250      0.00  
Loading db file '/RAID2/COURSE/BackUp/2023_Spring/iclab/iclabta01/umc018/Synthesis/slow.db'


Note: Symbol # after min delay cost means estimated hold TNS across all active scenarios 


  Optimization Complete
  ---------------------
Information: State dependent leakage is now switched from off to on.
Information: Propagating switching activity (low effort zero delay simulation). (PWR-6)
1
#uniquify
#compile
#======================================================
#  (F) Output Reports 
#======================================================
report_design  >  Report/$DESIGN\.design
report_resource >  Report/$DESIGN\.resource
report_timing -max_paths 3 >  Report/$DESIGN\.timing
report_area >  Report/$DESIGN\.area
report_power > Report/$DESIGN\.power
report_clock > Report/$DESIGN\.clock
report_port >  Report/$DESIGN\.port
report_power >  Report/$DESIGN\.power
#report_reference > Report/$DESIGN\.reference
#======================================================
#  (G) Change Naming Rule
#======================================================
set bus_inference_style "%s\[%d\]"
%s[%d]
set bus_naming_style "%s\[%d\]"
%s[%d]
set hdlout_internal_busses true
true
change_names -hierarchy -rule verilog
1
define_name_rules name_rule -allowed "a-z A-Z 0-9 _" -max_length 255 -type cell
1
define_name_rules name_rule -allowed "a-z A-Z 0-9 _[]" -max_length 255 -type net
1
define_name_rules name_rule -map {{"\\*cell\\*" "cell"}}
1
define_name_rules name_rule -case_insensitive
1
change_names -hierarchy -rules name_rule
1
#======================================================
#  (H) Output Results
#======================================================
set verilogout_higher_designs_first true
true
write -format verilog -output Netlist/$DESIGN\_SYN.v -hierarchy
Writing verilog file '/RAID2/COURSE/2025_Spring/DCS/DCS031/2022_univ/02_SYN/Netlist/JAM_SYN.v'.
1
write -format ddc     -hierarchy -output $DESIGN\_SYN.ddc
Writing ddc file 'JAM_SYN.ddc'.
1
write_sdf -version 3.0 -context verilog -load_delay cell Netlist/$DESIGN\_SYN.sdf -significant_digits 6
Information: Writing timing information to file '/RAID2/COURSE/2025_Spring/DCS/DCS031/2022_univ/02_SYN/Netlist/JAM_SYN.sdf'. (WT-3)
1
write_sdc Netlist/$DESIGN\_SYN.sdc
1
#======================================================
#  (I) Finish and Quit
#======================================================
report_area
 
****************************************
Report : area
Design : JAM
Version: T-2022.03
Date   : Wed Mar 19 00:47:32 2025
****************************************

Library(s) Used:

    slow (File: /RAID2/COURSE/BackUp/2023_Spring/iclab/iclabta01/umc018/Synthesis/slow.db)

Number of ports:                           30
Number of nets:                           615
Number of cells:                          596
Number of combinational cells:            526
Number of sequential cells:                70
Number of macros/black boxes:               0
Number of buf/inv:                        110
Number of references:                      42

Combinational area:               8801.654578
Buf/Inv area:                     1230.768038
Noncombinational area:            3945.110451
Macro/Black Box area:                0.000000
Net Interconnect area:      undefined  (No wire load specified)

Total cell area:                 12746.765029
Total area:                 undefined
1
report_timing 
 
****************************************
Report : timing
        -path full
        -delay max
        -max_paths 1
Design : JAM
Version: T-2022.03
Date   : Wed Mar 19 00:47:32 2025
****************************************

Operating Conditions: slow   Library: slow
Wire Load Model Mode: top

  Startpoint: Cost[0] (input port clocked by CLK)
  Endpoint: current_reg_9_
            (rising edge-triggered flip-flop clocked by CLK)
  Path Group: CLK
  Path Type: max

  Point                                    Incr       Path
  -----------------------------------------------------------
  clock CLK (fall edge)                    5.00       5.00
  clock network delay (ideal)              0.50       5.50
  input external delay                     0.00       5.50 r
  Cost[0] (in)                             0.00       5.50 r
  U686/Y (NAND2XL)                         0.11       5.62 f
  U831/Y (AOI222XL)                        0.54       6.15 r
  intadd_0_U6/CO (ADDFXL)                  0.47       6.62 r
  intadd_0_U5/CO (ADDFXL)                  0.42       7.04 r
  intadd_0_U4/CO (ADDFXL)                  0.42       7.46 r
  intadd_0_U3/CO (ADDFXL)                  0.42       7.88 r
  intadd_0_U2/CO (ADDFXL)                  0.45       8.33 r
  U683/Y (NAND2XL)                         0.12       8.45 f
  U675/Y (OR2XL)                           0.31       8.76 f
  U737/Y (OAI32XL)                         0.33       9.09 r
  current_reg_9_/D (DFFX1)                 0.00       9.09 r
  data arrival time                                   9.09

  clock CLK (rise edge)                   10.00      10.00
  clock network delay (ideal)              0.50      10.50
  clock uncertainty                       -0.10      10.40
  current_reg_9_/CK (DFFX1)                0.00      10.40 r
  library setup time                      -0.17      10.23
  data required time                                 10.23
  -----------------------------------------------------------
  data required time                                 10.23
  data arrival time                                  -9.09
  -----------------------------------------------------------
  slack (MET)                                         1.14


1
exit
Memory usage for this session 261 Mbytes.
Memory usage for this session including child processes 382 Mbytes.
CPU usage for this session 11 seconds ( 0.00 hours ).
Elapsed time for this session 11 seconds ( 0.00 hours ).

Thank you...

