 
****************************************
Report : timing
        -path full
        -delay max
        -max_paths 1
Design : geofence
Version: T-2022.03
Date   : Tue Mar 25 01:42:23 2025
****************************************

Operating Conditions: slow   Library: slow
Wire Load Model Mode: top

  Startpoint: targetX_reg[1]
              (rising edge-triggered flip-flop clocked by clk)
  Endpoint: is_inside (output port clocked by clk)
  Path Group: clk
  Path Type: max

  Des/Clust/Port     Wire Load Model       Library
  ------------------------------------------------
  geofence           tsmc13_wl10           slow

  Point                                                   Incr       Path
  --------------------------------------------------------------------------
  clock clk (rise edge)                                   0.00       0.00
  clock network delay (ideal)                             0.50       0.50
  targetX_reg[1]/CK (DFFHQX8)                             0.00       0.50 r
  targetX_reg[1]/Q (DFFHQX8)                              0.25       0.75 r
  sub_110/B[1] (geofence_DW01_sub_11)                     0.00       0.75 r
  sub_110/U3/Y (INVXL)                                    0.16       0.91 f
  sub_110/U2_1/CO (ADDFX2)                                0.48       1.39 f
  sub_110/U2_2/CO (ADDFXL)                                0.50       1.89 f
  sub_110/U2_3/CO (ADDFX2)                                0.40       2.29 f
  sub_110/U2_4/CO (ADDFX2)                                0.38       2.67 f
  sub_110/U2_5/CO (ADDFHX4)                               0.22       2.89 f
  sub_110/U2_6/CO (ADDFXL)                                0.48       3.37 f
  sub_110/U2_7/CO (ADDFX2)                                0.40       3.77 f
  sub_110/U2_8/S (ADDFX2)                                 0.39       4.16 r
  sub_110/DIFF[8] (geofence_DW01_sub_11)                  0.00       4.16 r
  mult_131/a[8] (geofence_DW_mult_tc_11)                  0.00       4.16 r
  mult_131/U352/Y (XNOR2XL)                               0.46       4.62 r
  mult_131/U339/Y (BUFX8)                                 0.35       4.97 r
  mult_131/U467/Y (NOR2X1)                                0.14       5.11 f
  mult_131/U56/S (ADDFXL)                                 0.83       5.94 f
  mult_131/U55/S (CMPR42X1)                               0.43       6.36 r
  mult_131/U18/CO (ADDFXL)                                0.76       7.13 r
  mult_131/U401/S (ADDFXL)                                0.92       8.05 r
  mult_131/product[9] (geofence_DW_mult_tc_11)            0.00       8.05 r
  sub_131/A[9] (geofence_DW01_sub_37)                     0.00       8.05 r
  sub_131/U29/Y (INVX1)                                   0.21       8.26 f
  sub_131/U8/Y (OAI22X1)                                  0.49       8.75 r
  sub_131/U2/Y (NOR2X2)                                   0.19       8.95 f
  sub_131/U1/Y (AOI2BB2X2)                                0.32       9.27 f
  sub_131/U3/Y (NOR2BX4)                                  0.21       9.48 f
  sub_131/U17/Y (OAI22X4)                                 0.23       9.71 r
  sub_131/U21/Y (NOR2X2)                                  0.13       9.84 f
  sub_131/U20/Y (AOI2BB2X2)                               0.33      10.17 f
  sub_131/U23/Y (CLKAND2X8)                               0.19      10.36 f
  sub_131/U22/Y (OAI22X4)                                 0.21      10.57 r
  sub_131/U48/Y (NOR2X1)                                  0.17      10.74 f
  sub_131/U59/Y (AOI2BB2X4)                               0.25      11.00 f
  sub_131/U46/Y (NOR2BX4)                                 0.17      11.17 f
  sub_131/U54/Y (OAI22X4)                                 0.21      11.38 r
  sub_131/U34/Y (NOR2X2)                                  0.13      11.51 f
  sub_131/U53/Y (AOI2BB2X2)                               0.31      11.81 f
  sub_131/U36/Y (NOR2BX4)                                 0.19      12.00 f
  sub_131/U58/Y (OAI22X4)                                 0.23      12.23 r
  sub_131/U33/Y (NOR2X2)                                  0.14      12.37 f
  sub_131/U57/Y (AOI2BB2X4)                               0.25      12.61 f
  sub_131/U35/Y (NOR2BX4)                                 0.17      12.78 f
  sub_131/U61/Y (OAI22X4)                                 0.22      13.01 r
  sub_131/U32/Y (NOR2X2)                                  0.14      13.15 f
  sub_131/U56/Y (AOI2BB2X4)                               0.25      13.39 f
  sub_131/U38/Y (NOR2BX4)                                 0.17      13.56 f
  sub_131/U60/Y (OAI22X4)                                 0.22      13.78 r
  sub_131/U41/Y (NOR2X2)                                  0.14      13.93 f
  sub_131/U55/Y (AOI2BB2X4)                               0.27      14.19 f
  sub_131/U49/Y (NOR2BX4)                                 0.19      14.38 f
  sub_131/U52/Y (OAI22X4)                                 0.17      14.56 r
  sub_131/U2_24/Y (XOR3X2)                                0.31      14.87 f
  sub_131/DIFF[24] (geofence_DW01_sub_37)                 0.00      14.87 f
  U909/Y (NAND4X6)                                        0.21      15.08 r
  U1187/Y (CLKINVX20)                                     0.31      15.40 f
  is_inside (out)                                         0.00      15.40 f
  data arrival time                                                 15.40

  clock clk (fall edge)                                  15.00      15.00
  clock network delay (ideal)                             0.50      15.50
  clock uncertainty                                      -0.10      15.40
  output external delay                                   0.00      15.40
  data required time                                                15.40
  --------------------------------------------------------------------------
  data required time                                                15.40
  data arrival time                                                -15.40
  --------------------------------------------------------------------------
  slack (MET)                                                        0.00


1
