Command: vcs -timescale=1ns/1fs -j4 -sverilog +v2k -full64 -Mupdate -R -debug_access+all \
-f filelist.f -o simv -l vcs.log -v tsmc13_neg.v +define+GATE +define+ +neg_tchk \

*** Using c compiler gcc instead of cc ...
                         Chronologic VCS (TM)
         Version T-2022.06_Full64 -- Tue Mar 18 23:38:51 2025

                    Copyright (c) 1991 - 2022 Synopsys, Inc.
   This software and the associated documentation are proprietary to Synopsys,
 Inc. This software may only be used in accordance with the terms and conditions
 of a written license agreement with Synopsys, Inc. All other use, reproduction,
   or distribution of this software is strictly prohibited.  Licensed Products
     communicate with Synopsys servers for the purpose of providing software
    updates, detecting software piracy and verifying that customers are using
    Licensed Products in conformity with the applicable License Key for such
  Licensed Products. Synopsys will use information gathered in connection with
    this process to deliver software updates and pursue software pirates and
                                   infringers.

 Inclusivity & Diversity - Visit SolvNetPlus to read the "Synopsys Statement on
            Inclusivity and Diversity" (Refer to article 000036315 at
                        https://solvnetplus.synopsys.com)

The design hasn't changed and need not be recompiled. 
If you really want to, delete file /RAID2/COURSE/2025_Spring/DCS/DCS031/2022_univ/03_GATE/simv.daidir/.vcs.timestamp and
run VCS again.

Command: /RAID2/COURSE/2025_Spring/DCS/DCS031/2022_univ/03_GATE/./simv +v2k -a vcs.log +define+GATE +define+ +neg_tchk
Chronologic VCS simulator copyright 1991-2022
Contains Synopsys proprietary information.
Compiler version T-2022.06_Full64; Runtime version T-2022.06_Full64;  Mar 18 23:38 2025
*Verdi* Loading libsscore_vcs201906.so
FSDB Dumper for VCS, Release Verdi_P-2019.06, Linux x86_64/64bit, 05/26/2019
(C) 1996 - 2019 by Synopsys, Inc.
***********************************************************************
*  ERROR -                                                            *
*  The simulator version is newer than the FSDB dumper version which  *
*  may cause abnormal behavior, please contact Synopsys support for   *
*  assistance.                                                        *
***********************************************************************
*Verdi* FSDB WARNING: The FSDB file already exists. Overwriting the FSDB file may crash the programs that are using this file.
*Verdi* : Create FSDB file 'JAM.fsdb'
*Verdi* : Begin traversing the scopes, layer (0).
*Verdi* : End of traversing.
*Verdi* : Begin traversing the MDAs, layer (0).
*Verdi* : Enable +mda and +packedmda dumping.
*Verdi* : End of traversing the MDAs.
*******************************
** Simulation Start          **
*******************************
PATTERN:   1
-------------- Cost Table --------------
Jobs       0   1   2   3   4   5   6   7
worker0:  11  25  53  41  59  32  25  59
worker1:   4  11  25  11  59  31  53  11
worker2:  11  59  15  11  15  15  53  53
worker3:   4  59  32  34  53  41  34  59
worker4:  15  32  41  34   4  59  34  32
worker5:  41  59  59   4   4  41  34  34
worker6:  53  31  25  41  59  32  31  53
worker7:  11  31  25  11  34  34  53  32
worker8:  11  31  25  11  34  34  53  32
----------------------------------------------------------------------
Get Valid at cycle:    593427
receive MinCost/MatchCount=  119/ 3 , golden MinCost/MatchCount= 119/ 3
----------------------------------------------------------------------
*************************
**  FUNCTION  CORRECT  **
*************************

$finish called from file "tb.sv", line 180.
$finish at simulation time            593426500
           V C S   S i m u l a t i o n   R e p o r t 
Time: 5934265000 ps
CPU Time:      2.210 seconds;       Data structure size:   0.0Mb
Tue Mar 18 23:38:55 2025
CPU time: 2.260 seconds in simulation
