 
****************************************
Report : area
Design : LCD_CTRL
Version: T-2022.03
Date   : Tue Mar 25 01:59:13 2025
****************************************

Library(s) Used:

    slow (File: /RAID2/COURSE/2025_Spring/DCS/DCSTA01/CBDK_IC_Contest_v2.5/SynopsysDC/db/slow.db)

Number of ports:                          167
Number of nets:                          6607
Number of cells:                         6414
Number of combinational cells:           5816
Number of sequential cells:               589
Number of macros/black boxes:               0
Number of buf/inv:                        865
Number of references:                     151

Combinational area:              56513.234841
Buf/Inv area:                     6027.467378
Noncombinational area:           15132.321228
Macro/Black Box area:                0.000000
Net Interconnect area:         1002311.699860

Total cell area:                 71645.556069
Total area:                    1073957.255929
1
