 
****************************************
Report : timing
        -path full
        -delay max
        -max_paths 1
Design : LCD_CTRL
Version: T-2022.03
Date   : Tue Mar 25 01:59:13 2025
****************************************

Operating Conditions: slow   Library: slow
Wire Load Model Mode: top

  Startpoint: dx_reg[1] (rising edge-triggered flip-flop clocked by clk)
  Endpoint: accum_val_reg[8]
            (rising edge-triggered flip-flop clocked by clk)
  Path Group: clk
  Path Type: max

  Des/Clust/Port     Wire Load Model       Library
  ------------------------------------------------
  LCD_CTRL           tsmc13_wl10           slow

  Point                                                   Incr       Path
  --------------------------------------------------------------------------
  clock clk (rise edge)                                   0.00       0.00
  clock network delay (ideal)                             0.50       0.50
  dx_reg[1]/CK (DFFHQX8)                                  0.00       0.50 r
  dx_reg[1]/Q (DFFHQX8)                                   0.34       0.84 r
  U3704/Y (NAND2BX2)                                      0.32       1.16 r
  U3667/Y (NOR2X6)                                        0.14       1.31 f
  U3666/Y (AOI21X2)                                       0.38       1.69 r
  U3625/Y (INVX4)                                         0.22       1.91 f
  U3623/Y (AND2X4)                                        0.21       2.12 f
  U9175/Y (XNOR2X4)                                       0.13       2.25 r
  U3527/Y (BUFX20)                                        0.17       2.42 r
  U8123/Y (NOR2X1)                                        0.11       2.53 f
  U3707/Y (BUFX4)                                         0.18       2.71 f
  U3721/Y (AND2X2)                                        0.40       3.11 f
  U4827/Y (CLKBUFX3)                                      0.60       3.72 f
  U3583/Y (AO22XL)                                        0.56       4.27 f
  U3582/Y (AOI221X1)                                      0.31       4.58 r
  U8146/Y (NAND4X1)                                       0.25       4.83 f
  U4041/Y (AOI22X1)                                       0.32       5.15 r
  U8277/Y (OAI221X4)                                      0.41       5.56 f
  add_192/B[1] (LCD_CTRL_DW01_add_2)                      0.00       5.56 f
  add_192/U1_1/CO (ADDFXL)                                0.73       6.29 f
  add_192/U1_2/CO (ADDFXL)                                0.53       6.82 f
  add_192/U1_3/CO (ADDFXL)                                0.53       7.36 f
  add_192/U1_4/CO (ADDFX2)                                0.40       7.75 f
  add_192/U1_5/CO (ADDFXL)                                0.50       8.26 f
  add_192/U1_6/CO (ADDFHX2)                               0.34       8.60 f
  add_192/U6/Y (NAND2XL)                                  0.33       8.93 r
  add_192/U2/Y (NAND3X2)                                  0.21       9.14 f
  add_192/U3/Y (XOR2XL)                                   0.37       9.51 f
  add_192/SUM[8] (LCD_CTRL_DW01_add_2)                    0.00       9.51 f
  U4153/Y (AOI221X1)                                      0.38       9.89 r
  U4524/Y (OAI22X1)                                       0.21      10.10 f
  accum_val_reg[8]/D (DFFX2)                              0.00      10.10 f
  data arrival time                                                 10.10

  clock clk (rise edge)                                  10.00      10.00
  clock network delay (ideal)                             0.50      10.50
  clock uncertainty                                      -0.10      10.40
  accum_val_reg[8]/CK (DFFX2)                             0.00      10.40 r
  library setup time                                     -0.28      10.12
  data required time                                                10.12
  --------------------------------------------------------------------------
  data required time                                                10.12
  data arrival time                                                -10.10
  --------------------------------------------------------------------------
  slack (MET)                                                        0.01


1
