 
****************************************
Report : area
Design : JAM
Version: T-2022.03
Date   : Tue Mar 25 00:35:43 2025
****************************************

Library(s) Used:

    slow (File: /RAID2/COURSE/2025_Spring/DCS/DCSTA01/CBDK_IC_Contest_v2.5/SynopsysDC/db/slow.db)

Number of ports:                           62
Number of nets:                           686
Number of cells:                          585
Number of combinational cells:            513
Number of sequential cells:                70
Number of macros/black boxes:               0
Number of buf/inv:                         80
Number of references:                      76

Combinational area:               4445.490595
Buf/Inv area:                      556.747206
Noncombinational area:            2053.853958
Macro/Black Box area:                0.000000
Net Interconnect area:           82133.745758

Total cell area:                  6499.344553
Total area:                      88633.090311
1
